2023-07-26T13:13:27.400Z [Modules] Modules initializing
2023-07-26T13:13:27.401Z [Modules] Distribution: remote
2023-07-26T13:13:27.401Z [Modules] Host updates: enabled
2023-07-26T13:13:27.402Z [Modules] Module updates: enabled
2023-07-26T13:13:27.403Z [Modules] Module install path: /home/Eyjafja/.config/discord/0.0.28/modules
2023-07-26T13:13:27.403Z [Modules] Module installed file path: /home/Eyjafja/.config/discord/0.0.28/modules/installed.json
2023-07-26T13:13:27.403Z [Modules] Module download path: /home/Eyjafja/.config/discord/0.0.28/modules/pending
2023-07-26T13:13:27.962Z [Modules] Bootstrapping...
2023-07-26T13:13:27.965Z [Modules] Installing discord_desktop_core@0 from /opt/discord/resources/bootstrap/discord_desktop_core.zip
2023-07-26T13:13:27.989Z [Modules] Failed installing discord_desktop_core@0: Error: ENOENT: no such file or directory, open '/opt/discord/resources/bootstrap/discord_desktop_core.zip'
2023-07-26T13:13:27.992Z [Modules] Installing discord_erlpack@0 from /opt/discord/resources/bootstrap/discord_erlpack.zip
2023-07-26T13:13:28.003Z [Modules] Failed installing discord_erlpack@0: Error: ENOENT: no such file or directory, open '/opt/discord/resources/bootstrap/discord_erlpack.zip'
2023-07-26T13:13:28.005Z [Modules] Installing discord_spellcheck@0 from /opt/discord/resources/bootstrap/discord_spellcheck.zip
2023-07-26T13:13:28.009Z [Modules] Failed installing discord_spellcheck@0: Error: ENOENT: no such file or directory, open '/opt/discord/resources/bootstrap/discord_spellcheck.zip'
2023-07-26T13:13:28.011Z [Modules] Installing discord_utils@0 from /opt/discord/resources/bootstrap/discord_utils.zip
2023-07-26T13:13:28.012Z [Modules] Failed installing discord_utils@0: Error: ENOENT: no such file or directory, open '/opt/discord/resources/bootstrap/discord_utils.zip'
2023-07-26T13:13:28.013Z [Modules] Installing discord_voice@0 from /opt/discord/resources/bootstrap/discord_voice.zip
2023-07-26T13:13:28.015Z [Modules] Failed installing discord_voice@0: Error: ENOENT: no such file or directory, open '/opt/discord/resources/bootstrap/discord_voice.zip'
2023-07-26T13:13:28.016Z [Modules] Finished module installations. [success: 0] [failure: 5]
2023-07-26T13:13:28.017Z [Modules] Checking for host updates.
2023-07-26T13:13:28.502Z [Modules] Host is up to date.
2023-07-26T13:13:28.503Z [Modules] Checking for module updates at https://discord.com/api/modules/stable/versions.json
2023-07-26T13:13:28.641Z [Modules] Module update available: discord_desktop_core@1 [installed: 0]
2023-07-26T13:13:28.641Z [Modules] Module update available: discord_erlpack@1 [installed: 0]
2023-07-26T13:13:28.642Z [Modules] Module update available: discord_spellcheck@1 [installed: 0]
2023-07-26T13:13:28.642Z [Modules] Module update available: discord_utils@1 [installed: 0]
2023-07-26T13:13:28.642Z [Modules] Module update available: discord_voice@1 [installed: 0]
2023-07-26T13:13:28.643Z [Modules] Fetching discord_desktop_core@1 from https://discord.com/api/modules/stable/discord_desktop_core/1
2023-07-26T13:13:28.643Z [Modules] Streaming discord_desktop_core@1 to /home/Eyjafja/.config/discord/0.0.28/modules/pending/discord_desktop_core-1.zip
2023-07-26T13:13:29.062Z [Modules] Streaming discord_desktop_core@1 to /home/Eyjafja/.config/discord/0.0.28/modules/pending/discord_desktop_core-1.zip: 1%
2023-07-26T13:13:29.148Z [Modules] Streaming discord_desktop_core@1 to /home/Eyjafja/.config/discord/0.0.28/modules/pending/discord_desktop_core-1.zip: 2%
2023-07-26T13:13:29.175Z [Modules] Streaming discord_desktop_core@1 to /home/Eyjafja/.config/discord/0.0.28/modules/pending/discord_desktop_core-1.zip: 3%
2023-07-26T13:13:29.182Z [Modules] Streaming discord_desktop_core@1 to /home/Eyjafja/.config/discord/0.0.28/modules/pending/discord_desktop_core-1.zip: 4%
2023-07-26T13:13:29.224Z [Modules] Streaming discord_desktop_core@1 to /home/Eyjafja/.config/discord/0.0.28/modules/pending/discord_desktop_core-1.zip: 5%
2023-07-26T13:13:29.231Z [Modules] Streaming discord_desktop_core@1 to /home/Eyjafja/.config/discord/0.0.28/modules/pending/discord_desktop_core-1.zip: 6%
2023-07-26T13:13:29.243Z [Modules] Streaming discord_desktop_core@1 to /home/Eyjafja/.config/discord/0.0.28/modules/pending/discord_desktop_core-1.zip: 7%
2023-07-26T13:13:29.253Z [Modules] Streaming discord_desktop_core@1 to /home/Eyjafja/.config/discord/0.0.28/modules/pending/discord_desktop_core-1.zip: 8%
2023-07-26T13:13:29.270Z [Modules] Streaming discord_desktop_core@1 to /home/Eyjafja/.config/discord/0.0.28/modules/pending/discord_desktop_core-1.zip: 9%
2023-07-26T13:13:29.328Z [Modules] Streaming discord_desktop_core@1 to /home/Eyjafja/.config/discord/0.0.28/modules/pending/discord_desktop_core-1.zip: 10%
2023-07-26T13:13:29.358Z [Modules] Streaming discord_desktop_core@1 to /home/Eyjafja/.config/discord/0.0.28/modules/pending/discord_desktop_core-1.zip: 11%
2023-07-26T13:13:29.376Z [Modules] Streaming discord_desktop_core@1 to /home/Eyjafja/.config/discord/0.0.28/modules/pending/discord_desktop_core-1.zip: 12%
2023-07-26T13:13:29.382Z [Modules] Streaming discord_desktop_core@1 to /home/Eyjafja/.config/discord/0.0.28/modules/pending/discord_desktop_core-1.zip: 13%
2023-07-26T13:13:29.394Z [Modules] Streaming discord_desktop_core@1 to /home/Eyjafja/.config/discord/0.0.28/modules/pending/discord_desktop_core-1.zip: 14%
2023-07-26T13:13:29.399Z [Modules] Streaming discord_desktop_core@1 to /home/Eyjafja/.config/discord/0.0.28/modules/pending/discord_desktop_core-1.zip: 15%
2023-07-26T13:13:29.463Z [Modules] Streaming discord_desktop_core@1 to /home/Eyjafja/.config/discord/0.0.28/modules/pending/discord_desktop_core-1.zip: 16%
2023-07-26T13:13:29.468Z [Modules] Streaming discord_desktop_core@1 to /home/Eyjafja/.config/discord/0.0.28/modules/pending/discord_desktop_core-1.zip: 17%
2023-07-26T13:13:29.472Z [Modules] Streaming discord_desktop_core@1 to /home/Eyjafja/.config/discord/0.0.28/modules/pending/discord_desktop_core-1.zip: 18%
2023-07-26T13:13:29.477Z [Modules] Streaming discord_desktop_core@1 to /home/Eyjafja/.config/discord/0.0.28/modules/pending/discord_desktop_core-1.zip: 19%
2023-07-26T13:13:29.482Z [Modules] Streaming discord_desktop_core@1 to /home/Eyjafja/.config/discord/0.0.28/modules/pending/discord_desktop_core-1.zip: 20%
2023-07-26T13:13:29.492Z [Modules] Streaming discord_desktop_core@1 to /home/Eyjafja/.config/discord/0.0.28/modules/pending/discord_desktop_core-1.zip: 21%
2023-07-26T13:13:29.493Z [Modules] Streaming discord_desktop_core@1 to /home/Eyjafja/.config/discord/0.0.28/modules/pending/discord_desktop_core-1.zip: 22%
2023-07-26T13:13:29.509Z [Modules] Streaming discord_desktop_core@1 to /home/Eyjafja/.config/discord/0.0.28/modules/pending/discord_desktop_core-1.zip: 23%
2023-07-26T13:13:29.513Z [Modules] Streaming discord_desktop_core@1 to /home/Eyjafja/.config/discord/0.0.28/modules/pending/discord_desktop_core-1.zip: 24%
2023-07-26T13:13:29.560Z [Modules] Streaming discord_desktop_core@1 to /home/Eyjafja/.config/discord/0.0.28/modules/pending/discord_desktop_core-1.zip: 27%
2023-07-26T13:13:29.570Z [Modules] Streaming discord_desktop_core@1 to /home/Eyjafja/.config/discord/0.0.28/modules/pending/discord_desktop_core-1.zip: 30%
2023-07-26T13:13:29.574Z [Modules] Streaming discord_desktop_core@1 to /home/Eyjafja/.config/discord/0.0.28/modules/pending/discord_desktop_core-1.zip: 31%
2023-07-26T13:13:29.575Z [Modules] Streaming discord_desktop_core@1 to /home/Eyjafja/.config/discord/0.0.28/modules/pending/discord_desktop_core-1.zip: 32%
2023-07-26T13:13:29.610Z [Modules] Streaming discord_desktop_core@1 to /home/Eyjafja/.config/discord/0.0.28/modules/pending/discord_desktop_core-1.zip: 33%
2023-07-26T13:13:29.620Z [Modules] Streaming discord_desktop_core@1 to /home/Eyjafja/.config/discord/0.0.28/modules/pending/discord_desktop_core-1.zip: 34%
2023-07-26T13:13:29.627Z [Modules] Streaming discord_desktop_core@1 to /home/Eyjafja/.config/discord/0.0.28/modules/pending/discord_desktop_core-1.zip: 36%
2023-07-26T13:13:29.632Z [Modules] Streaming discord_desktop_core@1 to /home/Eyjafja/.config/discord/0.0.28/modules/pending/discord_desktop_core-1.zip: 38%
2023-07-26T13:13:29.643Z [Modules] Streaming discord_desktop_core@1 to /home/Eyjafja/.config/discord/0.0.28/modules/pending/discord_desktop_core-1.zip: 41%
2023-07-26T13:13:29.647Z [Modules] Streaming discord_desktop_core@1 to /home/Eyjafja/.config/discord/0.0.28/modules/pending/discord_desktop_core-1.zip: 44%
2023-07-26T13:13:29.654Z [Modules] Streaming discord_desktop_core@1 to /home/Eyjafja/.config/discord/0.0.28/modules/pending/discord_desktop_core-1.zip: 45%
2023-07-26T13:13:29.663Z [Modules] Streaming discord_desktop_core@1 to /home/Eyjafja/.config/discord/0.0.28/modules/pending/discord_desktop_core-1.zip: 47%
2023-07-26T13:13:29.670Z [Modules] Streaming discord_desktop_core@1 to /home/Eyjafja/.config/discord/0.0.28/modules/pending/discord_desktop_core-1.zip: 48%
2023-07-26T13:13:29.675Z [Modules] Streaming discord_desktop_core@1 to /home/Eyjafja/.config/discord/0.0.28/modules/pending/discord_desktop_core-1.zip: 49%
2023-07-26T13:13:29.744Z [Modules] Streaming discord_desktop_core@1 to /home/Eyjafja/.config/discord/0.0.28/modules/pending/discord_desktop_core-1.zip: 50%
2023-07-26T13:13:29.779Z [Modules] Streaming discord_desktop_core@1 to /home/Eyjafja/.config/discord/0.0.28/modules/pending/discord_desktop_core-1.zip: 55%
2023-07-26T13:13:29.826Z [Modules] Streaming discord_desktop_core@1 to /home/Eyjafja/.config/discord/0.0.28/modules/pending/discord_desktop_core-1.zip: 58%
2023-07-26T13:13:29.828Z [Modules] Streaming discord_desktop_core@1 to /home/Eyjafja/.config/discord/0.0.28/modules/pending/discord_desktop_core-1.zip: 61%
2023-07-26T13:13:29.853Z [Modules] Streaming discord_desktop_core@1 to /home/Eyjafja/.config/discord/0.0.28/modules/pending/discord_desktop_core-1.zip: 67%
2023-07-26T13:13:29.858Z [Modules] Streaming discord_desktop_core@1 to /home/Eyjafja/.config/discord/0.0.28/modules/pending/discord_desktop_core-1.zip: 73%
2023-07-26T13:13:29.861Z [Modules] Streaming discord_desktop_core@1 to /home/Eyjafja/.config/discord/0.0.28/modules/pending/discord_desktop_core-1.zip: 75%
2023-07-26T13:13:29.866Z [Modules] Streaming discord_desktop_core@1 to /home/Eyjafja/.config/discord/0.0.28/modules/pending/discord_desktop_core-1.zip: 76%
2023-07-26T13:13:29.894Z [Modules] Streaming discord_desktop_core@1 to /home/Eyjafja/.config/discord/0.0.28/modules/pending/discord_desktop_core-1.zip: 77%
2023-07-26T13:13:29.897Z [Modules] Streaming discord_desktop_core@1 to /home/Eyjafja/.config/discord/0.0.28/modules/pending/discord_desktop_core-1.zip: 79%
2023-07-26T13:13:29.899Z [Modules] Streaming discord_desktop_core@1 to /home/Eyjafja/.config/discord/0.0.28/modules/pending/discord_desktop_core-1.zip: 80%
2023-07-26T13:13:29.913Z [Modules] Streaming discord_desktop_core@1 to /home/Eyjafja/.config/discord/0.0.28/modules/pending/discord_desktop_core-1.zip: 81%
2023-07-26T13:13:29.966Z [Modules] Streaming discord_desktop_core@1 to /home/Eyjafja/.config/discord/0.0.28/modules/pending/discord_desktop_core-1.zip: 82%
2023-07-26T13:13:29.977Z [Modules] Streaming discord_desktop_core@1 to /home/Eyjafja/.config/discord/0.0.28/modules/pending/discord_desktop_core-1.zip: 83%
2023-07-26T13:13:29.984Z [Modules] Streaming discord_desktop_core@1 to /home/Eyjafja/.config/discord/0.0.28/modules/pending/discord_desktop_core-1.zip: 84%
2023-07-26T13:13:29.988Z [Modules] Streaming discord_desktop_core@1 to /home/Eyjafja/.config/discord/0.0.28/modules/pending/discord_desktop_core-1.zip: 86%
2023-07-26T13:13:29.991Z [Modules] Streaming discord_desktop_core@1 to /home/Eyjafja/.config/discord/0.0.28/modules/pending/discord_desktop_core-1.zip: 87%
2023-07-26T13:13:29.995Z [Modules] Streaming discord_desktop_core@1 to /home/Eyjafja/.config/discord/0.0.28/modules/pending/discord_desktop_core-1.zip: 89%
2023-07-26T13:13:30.000Z [Modules] Streaming discord_desktop_core@1 to /home/Eyjafja/.config/discord/0.0.28/modules/pending/discord_desktop_core-1.zip: 90%
2023-07-26T13:13:30.005Z [Modules] Streaming discord_desktop_core@1 to /home/Eyjafja/.config/discord/0.0.28/modules/pending/discord_desktop_core-1.zip: 91%
2023-07-26T13:13:30.008Z [Modules] Streaming discord_desktop_core@1 to /home/Eyjafja/.config/discord/0.0.28/modules/pending/discord_desktop_core-1.zip: 93%
2023-07-26T13:13:30.013Z [Modules] Streaming discord_desktop_core@1 to /home/Eyjafja/.config/discord/0.0.28/modules/pending/discord_desktop_core-1.zip: 94%
2023-07-26T13:13:30.015Z [Modules] Streaming discord_desktop_core@1 to /home/Eyjafja/.config/discord/0.0.28/modules/pending/discord_desktop_core-1.zip: 95%
2023-07-26T13:13:30.021Z [Modules] Streaming discord_desktop_core@1 to /home/Eyjafja/.config/discord/0.0.28/modules/pending/discord_desktop_core-1.zip: 97%
2023-07-26T13:13:30.031Z [Modules] Streaming discord_desktop_core@1 to /home/Eyjafja/.config/discord/0.0.28/modules/pending/discord_desktop_core-1.zip: 98%
2023-07-26T13:13:30.035Z [Modules] Streaming discord_desktop_core@1 to /home/Eyjafja/.config/discord/0.0.28/modules/pending/discord_desktop_core-1.zip: 99%
2023-07-26T13:13:30.037Z [Modules] Streaming discord_desktop_core@1 to /home/Eyjafja/.config/discord/0.0.28/modules/pending/discord_desktop_core-1.zip: 100%
2023-07-26T13:13:30.040Z [Modules] Fetching discord_erlpack@1 from https://discord.com/api/modules/stable/discord_erlpack/1
2023-07-26T13:13:30.041Z [Modules] Streaming discord_erlpack@1 to /home/Eyjafja/.config/discord/0.0.28/modules/pending/discord_erlpack-1.zip
2023-07-26T13:13:31.241Z [Modules] Streaming discord_erlpack@1 to /home/Eyjafja/.config/discord/0.0.28/modules/pending/discord_erlpack-1.zip: 1%
2023-07-26T13:13:31.246Z [Modules] Streaming discord_erlpack@1 to /home/Eyjafja/.config/discord/0.0.28/modules/pending/discord_erlpack-1.zip: 2%
2023-07-26T13:13:31.251Z [Modules] Streaming discord_erlpack@1 to /home/Eyjafja/.config/discord/0.0.28/modules/pending/discord_erlpack-1.zip: 4%
2023-07-26T13:13:31.254Z [Modules] Streaming discord_erlpack@1 to /home/Eyjafja/.config/discord/0.0.28/modules/pending/discord_erlpack-1.zip: 8%
2023-07-26T13:13:31.260Z [Modules] Streaming discord_erlpack@1 to /home/Eyjafja/.config/discord/0.0.28/modules/pending/discord_erlpack-1.zip: 10%
2023-07-26T13:13:31.265Z [Modules] Streaming discord_erlpack@1 to /home/Eyjafja/.config/discord/0.0.28/modules/pending/discord_erlpack-1.zip: 13%
2023-07-26T13:13:31.269Z [Modules] Streaming discord_erlpack@1 to /home/Eyjafja/.config/discord/0.0.28/modules/pending/discord_erlpack-1.zip: 14%
2023-07-26T13:13:31.276Z [Modules] Streaming discord_erlpack@1 to /home/Eyjafja/.config/discord/0.0.28/modules/pending/discord_erlpack-1.zip: 15%
2023-07-26T13:13:31.278Z [Modules] Streaming discord_erlpack@1 to /home/Eyjafja/.config/discord/0.0.28/modules/pending/discord_erlpack-1.zip: 16%
2023-07-26T13:13:31.285Z [Modules] Streaming discord_erlpack@1 to /home/Eyjafja/.config/discord/0.0.28/modules/pending/discord_erlpack-1.zip: 18%
2023-07-26T13:13:31.288Z [Modules] Streaming discord_erlpack@1 to /home/Eyjafja/.config/discord/0.0.28/modules/pending/discord_erlpack-1.zip: 20%
2023-07-26T13:13:31.291Z [Modules] Streaming discord_erlpack@1 to /home/Eyjafja/.config/discord/0.0.28/modules/pending/discord_erlpack-1.zip: 21%
2023-07-26T13:13:31.429Z [Modules] Streaming discord_erlpack@1 to /home/Eyjafja/.config/discord/0.0.28/modules/pending/discord_erlpack-1.zip: 24%
2023-07-26T13:13:31.433Z [Modules] Streaming discord_erlpack@1 to /home/Eyjafja/.config/discord/0.0.28/modules/pending/discord_erlpack-1.zip: 25%
2023-07-26T13:13:31.438Z [Modules] Streaming discord_erlpack@1 to /home/Eyjafja/.config/discord/0.0.28/modules/pending/discord_erlpack-1.zip: 29%
2023-07-26T13:13:31.440Z [Modules] Streaming discord_erlpack@1 to /home/Eyjafja/.config/discord/0.0.28/modules/pending/discord_erlpack-1.zip: 34%
2023-07-26T13:13:31.442Z [Modules] Streaming discord_erlpack@1 to /home/Eyjafja/.config/discord/0.0.28/modules/pending/discord_erlpack-1.zip: 42%
2023-07-26T13:13:31.445Z [Modules] Streaming discord_erlpack@1 to /home/Eyjafja/.config/discord/0.0.28/modules/pending/discord_erlpack-1.zip: 49%
2023-07-26T13:13:31.448Z [Modules] Streaming discord_erlpack@1 to /home/Eyjafja/.config/discord/0.0.28/modules/pending/discord_erlpack-1.zip: 53%
2023-07-26T13:13:31.450Z [Modules] Streaming discord_erlpack@1 to /home/Eyjafja/.config/discord/0.0.28/modules/pending/discord_erlpack-1.zip: 57%
2023-07-26T13:13:31.452Z [Modules] Streaming discord_erlpack@1 to /home/Eyjafja/.config/discord/0.0.28/modules/pending/discord_erlpack-1.zip: 61%
2023-07-26T13:13:31.454Z [Modules] Streaming discord_erlpack@1 to /home/Eyjafja/.config/discord/0.0.28/modules/pending/discord_erlpack-1.zip: 63%
2023-07-26T13:13:31.465Z [Modules] Streaming discord_erlpack@1 to /home/Eyjafja/.config/discord/0.0.28/modules/pending/discord_erlpack-1.zip: 66%
2023-07-26T13:13:31.472Z [Modules] Streaming discord_erlpack@1 to /home/Eyjafja/.config/discord/0.0.28/modules/pending/discord_erlpack-1.zip: 68%
2023-07-26T13:13:31.477Z [Modules] Streaming discord_erlpack@1 to /home/Eyjafja/.config/discord/0.0.28/modules/pending/discord_erlpack-1.zip: 70%
2023-07-26T13:13:31.484Z [Modules] Streaming discord_erlpack@1 to /home/Eyjafja/.config/discord/0.0.28/modules/pending/discord_erlpack-1.zip: 71%
2023-07-26T13:13:31.495Z [Modules] Streaming discord_erlpack@1 to /home/Eyjafja/.config/discord/0.0.28/modules/pending/discord_erlpack-1.zip: 73%
2023-07-26T13:13:31.502Z [Modules] Streaming discord_erlpack@1 to /home/Eyjafja/.config/discord/0.0.28/modules/pending/discord_erlpack-1.zip: 75%
2023-07-26T13:13:31.511Z [Modules] Streaming discord_erlpack@1 to /home/Eyjafja/.config/discord/0.0.28/modules/pending/discord_erlpack-1.zip: 77%
2023-07-26T13:13:31.512Z [Modules] Streaming discord_erlpack@1 to /home/Eyjafja/.config/discord/0.0.28/modules/pending/discord_erlpack-1.zip: 78%
2023-07-26T13:13:31.516Z [Modules] Streaming discord_erlpack@1 to /home/Eyjafja/.config/discord/0.0.28/modules/pending/discord_erlpack-1.zip: 79%
2023-07-26T13:13:31.524Z [Modules] Streaming discord_erlpack@1 to /home/Eyjafja/.config/discord/0.0.28/modules/pending/discord_erlpack-1.zip: 81%
2023-07-26T13:13:31.526Z [Modules] Streaming discord_erlpack@1 to /home/Eyjafja/.config/discord/0.0.28/modules/pending/discord_erlpack-1.zip: 82%
2023-07-26T13:13:31.527Z [Modules] Streaming discord_erlpack@1 to /home/Eyjafja/.config/discord/0.0.28/modules/pending/discord_erlpack-1.zip: 83%
2023-07-26T13:13:31.533Z [Modules] Streaming discord_erlpack@1 to /home/Eyjafja/.config/discord/0.0.28/modules/pending/discord_erlpack-1.zip: 84%
2023-07-26T13:13:31.538Z [Modules] Streaming discord_erlpack@1 to /home/Eyjafja/.config/discord/0.0.28/modules/pending/discord_erlpack-1.zip: 88%
2023-07-26T13:13:31.542Z [Modules] Streaming discord_erlpack@1 to /home/Eyjafja/.config/discord/0.0.28/modules/pending/discord_erlpack-1.zip: 90%
2023-07-26T13:13:31.544Z [Modules] Streaming discord_erlpack@1 to /home/Eyjafja/.config/discord/0.0.28/modules/pending/discord_erlpack-1.zip: 91%
2023-07-26T13:13:31.555Z [Modules] Streaming discord_erlpack@1 to /home/Eyjafja/.config/discord/0.0.28/modules/pending/discord_erlpack-1.zip: 92%
2023-07-26T13:13:31.559Z [Modules] Streaming discord_erlpack@1 to /home/Eyjafja/.config/discord/0.0.28/modules/pending/discord_erlpack-1.zip: 94%
2023-07-26T13:13:31.570Z [Modules] Streaming discord_erlpack@1 to /home/Eyjafja/.config/discord/0.0.28/modules/pending/discord_erlpack-1.zip: 95%
2023-07-26T13:13:31.574Z [Modules] Streaming discord_erlpack@1 to /home/Eyjafja/.config/discord/0.0.28/modules/pending/discord_erlpack-1.zip: 96%
2023-07-26T13:13:31.577Z [Modules] Streaming discord_erlpack@1 to /home/Eyjafja/.config/discord/0.0.28/modules/pending/discord_erlpack-1.zip: 97%
2023-07-26T13:13:31.586Z [Modules] Streaming discord_erlpack@1 to /home/Eyjafja/.config/discord/0.0.28/modules/pending/discord_erlpack-1.zip: 100%
2023-07-26T13:13:31.590Z [Modules] Fetching discord_spellcheck@1 from https://discord.com/api/modules/stable/discord_spellcheck/1
2023-07-26T13:13:31.591Z [Modules] Streaming discord_spellcheck@1 to /home/Eyjafja/.config/discord/0.0.28/modules/pending/discord_spellcheck-1.zip
2023-07-26T13:13:31.887Z [Modules] Streaming discord_spellcheck@1 to /home/Eyjafja/.config/discord/0.0.28/modules/pending/discord_spellcheck-1.zip: 1%
2023-07-26T13:13:32.026Z [Modules] Streaming discord_spellcheck@1 to /home/Eyjafja/.config/discord/0.0.28/modules/pending/discord_spellcheck-1.zip: 2%
2023-07-26T13:13:32.028Z [Modules] Streaming discord_spellcheck@1 to /home/Eyjafja/.config/discord/0.0.28/modules/pending/discord_spellcheck-1.zip: 3%
2023-07-26T13:13:32.035Z [Modules] Streaming discord_spellcheck@1 to /home/Eyjafja/.config/discord/0.0.28/modules/pending/discord_spellcheck-1.zip: 4%
2023-07-26T13:13:32.039Z [Modules] Streaming discord_spellcheck@1 to /home/Eyjafja/.config/discord/0.0.28/modules/pending/discord_spellcheck-1.zip: 5%
2023-07-26T13:13:32.047Z [Modules] Streaming discord_spellcheck@1 to /home/Eyjafja/.config/discord/0.0.28/modules/pending/discord_spellcheck-1.zip: 6%
2023-07-26T13:13:32.054Z [Modules] Streaming discord_spellcheck@1 to /home/Eyjafja/.config/discord/0.0.28/modules/pending/discord_spellcheck-1.zip: 7%
2023-07-26T13:13:32.060Z [Modules] Streaming discord_spellcheck@1 to /home/Eyjafja/.config/discord/0.0.28/modules/pending/discord_spellcheck-1.zip: 8%
2023-07-26T13:13:32.118Z [Modules] Streaming discord_spellcheck@1 to /home/Eyjafja/.config/discord/0.0.28/modules/pending/discord_spellcheck-1.zip: 9%
2023-07-26T13:13:32.123Z [Modules] Streaming discord_spellcheck@1 to /home/Eyjafja/.config/discord/0.0.28/modules/pending/discord_spellcheck-1.zip: 10%
2023-07-26T13:13:32.126Z [Modules] Streaming discord_spellcheck@1 to /home/Eyjafja/.config/discord/0.0.28/modules/pending/discord_spellcheck-1.zip: 11%
2023-07-26T13:13:32.137Z [Modules] Streaming discord_spellcheck@1 to /home/Eyjafja/.config/discord/0.0.28/modules/pending/discord_spellcheck-1.zip: 12%
2023-07-26T13:13:32.237Z [Modules] Streaming discord_spellcheck@1 to /home/Eyjafja/.config/discord/0.0.28/modules/pending/discord_spellcheck-1.zip: 13%
2023-07-26T13:13:32.250Z [Modules] Streaming discord_spellcheck@1 to /home/Eyjafja/.config/discord/0.0.28/modules/pending/discord_spellcheck-1.zip: 14%
2023-07-26T13:13:32.264Z [Modules] Streaming discord_spellcheck@1 to /home/Eyjafja/.config/discord/0.0.28/modules/pending/discord_spellcheck-1.zip: 15%
2023-07-26T13:13:32.270Z [Modules] Streaming discord_spellcheck@1 to /home/Eyjafja/.config/discord/0.0.28/modules/pending/discord_spellcheck-1.zip: 16%
2023-07-26T13:13:32.277Z [Modules] Streaming discord_spellcheck@1 to /home/Eyjafja/.config/discord/0.0.28/modules/pending/discord_spellcheck-1.zip: 17%
2023-07-26T13:13:32.288Z [Modules] Streaming discord_spellcheck@1 to /home/Eyjafja/.config/discord/0.0.28/modules/pending/discord_spellcheck-1.zip: 18%
2023-07-26T13:13:32.295Z [Modules] Streaming discord_spellcheck@1 to /home/Eyjafja/.config/discord/0.0.28/modules/pending/discord_spellcheck-1.zip: 19%
2023-07-26T13:13:32.304Z [Modules] Streaming discord_spellcheck@1 to /home/Eyjafja/.config/discord/0.0.28/modules/pending/discord_spellcheck-1.zip: 20%
2023-07-26T13:13:32.309Z [Modules] Streaming discord_spellcheck@1 to /home/Eyjafja/.config/discord/0.0.28/modules/pending/discord_spellcheck-1.zip: 22%
2023-07-26T13:13:32.323Z [Modules] Streaming discord_spellcheck@1 to /home/Eyjafja/.config/discord/0.0.28/modules/pending/discord_spellcheck-1.zip: 23%
2023-07-26T13:13:32.419Z [Modules] Streaming discord_spellcheck@1 to /home/Eyjafja/.config/discord/0.0.28/modules/pending/discord_spellcheck-1.zip: 24%
2023-07-26T13:13:32.425Z [Modules] Streaming discord_spellcheck@1 to /home/Eyjafja/.config/discord/0.0.28/modules/pending/discord_spellcheck-1.zip: 25%
2023-07-26T13:13:32.432Z [Modules] Streaming discord_spellcheck@1 to /home/Eyjafja/.config/discord/0.0.28/modules/pending/discord_spellcheck-1.zip: 26%
2023-07-26T13:13:32.456Z [Modules] Streaming discord_spellcheck@1 to /home/Eyjafja/.config/discord/0.0.28/modules/pending/discord_spellcheck-1.zip: 27%
2023-07-26T13:13:32.459Z [Modules] Streaming discord_spellcheck@1 to /home/Eyjafja/.config/discord/0.0.28/modules/pending/discord_spellcheck-1.zip: 28%
2023-07-26T13:13:32.473Z [Modules] Streaming discord_spellcheck@1 to /home/Eyjafja/.config/discord/0.0.28/modules/pending/discord_spellcheck-1.zip: 29%
2023-07-26T13:13:32.544Z [Modules] Streaming discord_spellcheck@1 to /home/Eyjafja/.config/discord/0.0.28/modules/pending/discord_spellcheck-1.zip: 30%
2023-07-26T13:13:32.554Z [Modules] Streaming discord_spellcheck@1 to /home/Eyjafja/.config/discord/0.0.28/modules/pending/discord_spellcheck-1.zip: 31%
2023-07-26T13:13:32.562Z [Modules] Streaming discord_spellcheck@1 to /home/Eyjafja/.config/discord/0.0.28/modules/pending/discord_spellcheck-1.zip: 32%
2023-07-26T13:13:32.577Z [Modules] Streaming discord_spellcheck@1 to /home/Eyjafja/.config/discord/0.0.28/modules/pending/discord_spellcheck-1.zip: 33%
2023-07-26T13:13:32.606Z [Modules] Streaming discord_spellcheck@1 to /home/Eyjafja/.config/discord/0.0.28/modules/pending/discord_spellcheck-1.zip: 34%
2023-07-26T13:13:32.620Z [Modules] Streaming discord_spellcheck@1 to /home/Eyjafja/.config/discord/0.0.28/modules/pending/discord_spellcheck-1.zip: 35%
2023-07-26T13:13:32.645Z [Modules] Streaming discord_spellcheck@1 to /home/Eyjafja/.config/discord/0.0.28/modules/pending/discord_spellcheck-1.zip: 36%
2023-07-26T13:13:32.654Z [Modules] Streaming discord_spellcheck@1 to /home/Eyjafja/.config/discord/0.0.28/modules/pending/discord_spellcheck-1.zip: 37%
2023-07-26T13:13:32.672Z [Modules] Streaming discord_spellcheck@1 to /home/Eyjafja/.config/discord/0.0.28/modules/pending/discord_spellcheck-1.zip: 38%
2023-07-26T13:13:32.682Z [Modules] Streaming discord_spellcheck@1 to /home/Eyjafja/.config/discord/0.0.28/modules/pending/discord_spellcheck-1.zip: 39%
2023-07-26T13:13:32.700Z [Modules] Streaming discord_spellcheck@1 to /home/Eyjafja/.config/discord/0.0.28/modules/pending/discord_spellcheck-1.zip: 40%
2023-07-26T13:13:32.726Z [Modules] Streaming discord_spellcheck@1 to /home/Eyjafja/.config/discord/0.0.28/modules/pending/discord_spellcheck-1.zip: 41%
2023-07-26T13:13:32.741Z [Modules] Streaming discord_spellcheck@1 to /home/Eyjafja/.config/discord/0.0.28/modules/pending/discord_spellcheck-1.zip: 42%
2023-07-26T13:13:32.784Z [Modules] Streaming discord_spellcheck@1 to /home/Eyjafja/.config/discord/0.0.28/modules/pending/discord_spellcheck-1.zip: 43%
2023-07-26T13:13:32.821Z [Modules] Streaming discord_spellcheck@1 to /home/Eyjafja/.config/discord/0.0.28/modules/pending/discord_spellcheck-1.zip: 44%
2023-07-26T13:13:32.838Z [Modules] Streaming discord_spellcheck@1 to /home/Eyjafja/.config/discord/0.0.28/modules/pending/discord_spellcheck-1.zip: 45%
2023-07-26T13:13:32.858Z [Modules] Streaming discord_spellcheck@1 to /home/Eyjafja/.config/discord/0.0.28/modules/pending/discord_spellcheck-1.zip: 46%
2023-07-26T13:13:32.870Z [Modules] Streaming discord_spellcheck@1 to /home/Eyjafja/.config/discord/0.0.28/modules/pending/discord_spellcheck-1.zip: 47%
2023-07-26T13:13:32.886Z [Modules] Streaming discord_spellcheck@1 to /home/Eyjafja/.config/discord/0.0.28/modules/pending/discord_spellcheck-1.zip: 48%
2023-07-26T13:13:32.900Z [Modules] Streaming discord_spellcheck@1 to /home/Eyjafja/.config/discord/0.0.28/modules/pending/discord_spellcheck-1.zip: 49%
2023-07-26T13:13:32.925Z [Modules] Streaming discord_spellcheck@1 to /home/Eyjafja/.config/discord/0.0.28/modules/pending/discord_spellcheck-1.zip: 50%
2023-07-26T13:13:32.939Z [Modules] Streaming discord_spellcheck@1 to /home/Eyjafja/.config/discord/0.0.28/modules/pending/discord_spellcheck-1.zip: 51%
2023-07-26T13:13:32.948Z [Modules] Streaming discord_spellcheck@1 to /home/Eyjafja/.config/discord/0.0.28/modules/pending/discord_spellcheck-1.zip: 52%
2023-07-26T13:13:32.959Z [Modules] Streaming discord_spellcheck@1 to /home/Eyjafja/.config/discord/0.0.28/modules/pending/discord_spellcheck-1.zip: 53%
2023-07-26T13:13:32.970Z [Modules] Streaming discord_spellcheck@1 to /home/Eyjafja/.config/discord/0.0.28/modules/pending/discord_spellcheck-1.zip: 54%
2023-07-26T13:13:32.989Z [Modules] Streaming discord_spellcheck@1 to /home/Eyjafja/.config/discord/0.0.28/modules/pending/discord_spellcheck-1.zip: 55%
2023-07-26T13:13:32.996Z [Modules] Streaming discord_spellcheck@1 to /home/Eyjafja/.config/discord/0.0.28/modules/pending/discord_spellcheck-1.zip: 56%
2023-07-26T13:13:33.012Z [Modules] Streaming discord_spellcheck@1 to /home/Eyjafja/.config/discord/0.0.28/modules/pending/discord_spellcheck-1.zip: 57%
2023-07-26T13:13:33.025Z [Modules] Streaming discord_spellcheck@1 to /home/Eyjafja/.config/discord/0.0.28/modules/pending/discord_spellcheck-1.zip: 58%
2023-07-26T13:13:33.033Z [Modules] Streaming discord_spellcheck@1 to /home/Eyjafja/.config/discord/0.0.28/modules/pending/discord_spellcheck-1.zip: 59%
2023-07-26T13:13:33.048Z [Modules] Streaming discord_spellcheck@1 to /home/Eyjafja/.config/discord/0.0.28/modules/pending/discord_spellcheck-1.zip: 60%
2023-07-26T13:13:33.070Z [Modules] Streaming discord_spellcheck@1 to /home/Eyjafja/.config/discord/0.0.28/modules/pending/discord_spellcheck-1.zip: 61%
2023-07-26T13:13:33.078Z [Modules] Streaming discord_spellcheck@1 to /home/Eyjafja/.config/discord/0.0.28/modules/pending/discord_spellcheck-1.zip: 62%
2023-07-26T13:13:33.096Z [Modules] Streaming discord_spellcheck@1 to /home/Eyjafja/.config/discord/0.0.28/modules/pending/discord_spellcheck-1.zip: 63%
2023-07-26T13:13:33.110Z [Modules] Streaming discord_spellcheck@1 to /home/Eyjafja/.config/discord/0.0.28/modules/pending/discord_spellcheck-1.zip: 64%
2023-07-26T13:13:33.136Z [Modules] Streaming discord_spellcheck@1 to /home/Eyjafja/.config/discord/0.0.28/modules/pending/discord_spellcheck-1.zip: 65%
2023-07-26T13:13:33.154Z [Modules] Streaming discord_spellcheck@1 to /home/Eyjafja/.config/discord/0.0.28/modules/pending/discord_spellcheck-1.zip: 66%
2023-07-26T13:13:33.162Z [Modules] Streaming discord_spellcheck@1 to /home/Eyjafja/.config/discord/0.0.28/modules/pending/discord_spellcheck-1.zip: 67%
2023-07-26T13:13:33.173Z [Modules] Streaming discord_spellcheck@1 to /home/Eyjafja/.config/discord/0.0.28/modules/pending/discord_spellcheck-1.zip: 68%
2023-07-26T13:13:33.180Z [Modules] Streaming discord_spellcheck@1 to /home/Eyjafja/.config/discord/0.0.28/modules/pending/discord_spellcheck-1.zip: 69%
2023-07-26T13:13:33.212Z [Modules] Streaming discord_spellcheck@1 to /home/Eyjafja/.config/discord/0.0.28/modules/pending/discord_spellcheck-1.zip: 70%
2023-07-26T13:13:33.230Z [Modules] Streaming discord_spellcheck@1 to /home/Eyjafja/.config/discord/0.0.28/modules/pending/discord_spellcheck-1.zip: 71%
2023-07-26T13:13:33.254Z [Modules] Streaming discord_spellcheck@1 to /home/Eyjafja/.config/discord/0.0.28/modules/pending/discord_spellcheck-1.zip: 72%
2023-07-26T13:13:33.265Z [Modules] Streaming discord_spellcheck@1 to /home/Eyjafja/.config/discord/0.0.28/modules/pending/discord_spellcheck-1.zip: 73%
2023-07-26T13:13:33.273Z [Modules] Streaming discord_spellcheck@1 to /home/Eyjafja/.config/discord/0.0.28/modules/pending/discord_spellcheck-1.zip: 74%
2023-07-26T13:13:33.317Z [Modules] Streaming discord_spellcheck@1 to /home/Eyjafja/.config/discord/0.0.28/modules/pending/discord_spellcheck-1.zip: 75%
2023-07-26T13:13:33.327Z [Modules] Streaming discord_spellcheck@1 to /home/Eyjafja/.config/discord/0.0.28/modules/pending/discord_spellcheck-1.zip: 76%
2023-07-26T13:13:33.339Z [Modules] Streaming discord_spellcheck@1 to /home/Eyjafja/.config/discord/0.0.28/modules/pending/discord_spellcheck-1.zip: 77%
2023-07-26T13:13:33.357Z [Modules] Streaming discord_spellcheck@1 to /home/Eyjafja/.config/discord/0.0.28/modules/pending/discord_spellcheck-1.zip: 78%
2023-07-26T13:13:33.373Z [Modules] Streaming discord_spellcheck@1 to /home/Eyjafja/.config/discord/0.0.28/modules/pending/discord_spellcheck-1.zip: 79%
2023-07-26T13:13:33.387Z [Modules] Streaming discord_spellcheck@1 to /home/Eyjafja/.config/discord/0.0.28/modules/pending/discord_spellcheck-1.zip: 80%
2023-07-26T13:13:33.399Z [Modules] Streaming discord_spellcheck@1 to /home/Eyjafja/.config/discord/0.0.28/modules/pending/discord_spellcheck-1.zip: 81%
2023-07-26T13:13:33.413Z [Modules] Streaming discord_spellcheck@1 to /home/Eyjafja/.config/discord/0.0.28/modules/pending/discord_spellcheck-1.zip: 82%
2023-07-26T13:13:33.431Z [Modules] Streaming discord_spellcheck@1 to /home/Eyjafja/.config/discord/0.0.28/modules/pending/discord_spellcheck-1.zip: 83%
2023-07-26T13:13:33.449Z [Modules] Streaming discord_spellcheck@1 to /home/Eyjafja/.config/discord/0.0.28/modules/pending/discord_spellcheck-1.zip: 84%
2023-07-26T13:13:33.459Z [Modules] Streaming discord_spellcheck@1 to /home/Eyjafja/.config/discord/0.0.28/modules/pending/discord_spellcheck-1.zip: 85%
2023-07-26T13:13:33.471Z [Modules] Streaming discord_spellcheck@1 to /home/Eyjafja/.config/discord/0.0.28/modules/pending/discord_spellcheck-1.zip: 86%
2023-07-26T13:13:33.477Z [Modules] Streaming discord_spellcheck@1 to /home/Eyjafja/.config/discord/0.0.28/modules/pending/discord_spellcheck-1.zip: 87%
2023-07-26T13:13:33.495Z [Modules] Streaming discord_spellcheck@1 to /home/Eyjafja/.config/discord/0.0.28/modules/pending/discord_spellcheck-1.zip: 88%
2023-07-26T13:13:33.505Z [Modules] Streaming discord_spellcheck@1 to /home/Eyjafja/.config/discord/0.0.28/modules/pending/discord_spellcheck-1.zip: 89%
2023-07-26T13:13:33.539Z [Modules] Streaming discord_spellcheck@1 to /home/Eyjafja/.config/discord/0.0.28/modules/pending/discord_spellcheck-1.zip: 90%
2023-07-26T13:13:33.607Z [Modules] Streaming discord_spellcheck@1 to /home/Eyjafja/.config/discord/0.0.28/modules/pending/discord_spellcheck-1.zip: 91%
2023-07-26T13:13:33.621Z [Modules] Streaming discord_spellcheck@1 to /home/Eyjafja/.config/discord/0.0.28/modules/pending/discord_spellcheck-1.zip: 92%
2023-07-26T13:13:33.638Z [Modules] Streaming discord_spellcheck@1 to /home/Eyjafja/.config/discord/0.0.28/modules/pending/discord_spellcheck-1.zip: 93%
2023-07-26T13:13:33.663Z [Modules] Streaming discord_spellcheck@1 to /home/Eyjafja/.config/discord/0.0.28/modules/pending/discord_spellcheck-1.zip: 94%
2023-07-26T13:13:33.682Z [Modules] Streaming discord_spellcheck@1 to /home/Eyjafja/.config/discord/0.0.28/modules/pending/discord_spellcheck-1.zip: 95%
2023-07-26T13:13:33.691Z [Modules] Streaming discord_spellcheck@1 to /home/Eyjafja/.config/discord/0.0.28/modules/pending/discord_spellcheck-1.zip: 96%
2023-07-26T13:13:33.709Z [Modules] Streaming discord_spellcheck@1 to /home/Eyjafja/.config/discord/0.0.28/modules/pending/discord_spellcheck-1.zip: 97%
2023-07-26T13:13:33.752Z [Modules] Streaming discord_spellcheck@1 to /home/Eyjafja/.config/discord/0.0.28/modules/pending/discord_spellcheck-1.zip: 98%
2023-07-26T13:13:33.764Z [Modules] Streaming discord_spellcheck@1 to /home/Eyjafja/.config/discord/0.0.28/modules/pending/discord_spellcheck-1.zip: 99%
2023-07-26T13:13:33.774Z [Modules] Streaming discord_spellcheck@1 to /home/Eyjafja/.config/discord/0.0.28/modules/pending/discord_spellcheck-1.zip: 100%
2023-07-26T13:13:33.778Z [Modules] Fetching discord_utils@1 from https://discord.com/api/modules/stable/discord_utils/1
2023-07-26T13:13:33.779Z [Modules] Streaming discord_utils@1 to /home/Eyjafja/.config/discord/0.0.28/modules/pending/discord_utils-1.zip
2023-07-26T13:13:35.725Z [Modules] Streaming discord_utils@1 to /home/Eyjafja/.config/discord/0.0.28/modules/pending/discord_utils-1.zip: 1%
2023-07-26T13:13:35.730Z [Modules] Streaming discord_utils@1 to /home/Eyjafja/.config/discord/0.0.28/modules/pending/discord_utils-1.zip: 2%
2023-07-26T13:13:35.736Z [Modules] Streaming discord_utils@1 to /home/Eyjafja/.config/discord/0.0.28/modules/pending/discord_utils-1.zip: 4%
2023-07-26T13:13:35.742Z [Modules] Streaming discord_utils@1 to /home/Eyjafja/.config/discord/0.0.28/modules/pending/discord_utils-1.zip: 6%
2023-07-26T13:13:35.749Z [Modules] Streaming discord_utils@1 to /home/Eyjafja/.config/discord/0.0.28/modules/pending/discord_utils-1.zip: 8%
2023-07-26T13:13:35.754Z [Modules] Streaming discord_utils@1 to /home/Eyjafja/.config/discord/0.0.28/modules/pending/discord_utils-1.zip: 9%
2023-07-26T13:13:35.765Z [Modules] Streaming discord_utils@1 to /home/Eyjafja/.config/discord/0.0.28/modules/pending/discord_utils-1.zip: 10%
2023-07-26T13:13:35.771Z [Modules] Streaming discord_utils@1 to /home/Eyjafja/.config/discord/0.0.28/modules/pending/discord_utils-1.zip: 11%
2023-07-26T13:13:35.777Z [Modules] Streaming discord_utils@1 to /home/Eyjafja/.config/discord/0.0.28/modules/pending/discord_utils-1.zip: 12%
2023-07-26T13:13:35.780Z [Modules] Streaming discord_utils@1 to /home/Eyjafja/.config/discord/0.0.28/modules/pending/discord_utils-1.zip: 13%
2023-07-26T13:13:35.782Z [Modules] Streaming discord_utils@1 to /home/Eyjafja/.config/discord/0.0.28/modules/pending/discord_utils-1.zip: 14%
2023-07-26T13:13:35.787Z [Modules] Streaming discord_utils@1 to /home/Eyjafja/.config/discord/0.0.28/modules/pending/discord_utils-1.zip: 15%
2023-07-26T13:13:35.791Z [Modules] Streaming discord_utils@1 to /home/Eyjafja/.config/discord/0.0.28/modules/pending/discord_utils-1.zip: 16%
2023-07-26T13:13:35.792Z [Modules] Streaming discord_utils@1 to /home/Eyjafja/.config/discord/0.0.28/modules/pending/discord_utils-1.zip: 17%
2023-07-26T13:13:35.795Z [Modules] Streaming discord_utils@1 to /home/Eyjafja/.config/discord/0.0.28/modules/pending/discord_utils-1.zip: 18%
2023-07-26T13:13:35.799Z [Modules] Streaming discord_utils@1 to /home/Eyjafja/.config/discord/0.0.28/modules/pending/discord_utils-1.zip: 19%
2023-07-26T13:13:35.802Z [Modules] Streaming discord_utils@1 to /home/Eyjafja/.config/discord/0.0.28/modules/pending/discord_utils-1.zip: 20%
2023-07-26T13:13:35.811Z [Modules] Streaming discord_utils@1 to /home/Eyjafja/.config/discord/0.0.28/modules/pending/discord_utils-1.zip: 22%
2023-07-26T13:13:35.815Z [Modules] Streaming discord_utils@1 to /home/Eyjafja/.config/discord/0.0.28/modules/pending/discord_utils-1.zip: 23%
2023-07-26T13:13:35.820Z [Modules] Streaming discord_utils@1 to /home/Eyjafja/.config/discord/0.0.28/modules/pending/discord_utils-1.zip: 25%
2023-07-26T13:13:35.824Z [Modules] Streaming discord_utils@1 to /home/Eyjafja/.config/discord/0.0.28/modules/pending/discord_utils-1.zip: 26%
2023-07-26T13:13:35.827Z [Modules] Streaming discord_utils@1 to /home/Eyjafja/.config/discord/0.0.28/modules/pending/discord_utils-1.zip: 28%
2023-07-26T13:13:35.833Z [Modules] Streaming discord_utils@1 to /home/Eyjafja/.config/discord/0.0.28/modules/pending/discord_utils-1.zip: 31%
2023-07-26T13:13:35.840Z [Modules] Streaming discord_utils@1 to /home/Eyjafja/.config/discord/0.0.28/modules/pending/discord_utils-1.zip: 33%
2023-07-26T13:13:35.851Z [Modules] Streaming discord_utils@1 to /home/Eyjafja/.config/discord/0.0.28/modules/pending/discord_utils-1.zip: 35%
2023-07-26T13:13:35.855Z [Modules] Streaming discord_utils@1 to /home/Eyjafja/.config/discord/0.0.28/modules/pending/discord_utils-1.zip: 37%
2023-07-26T13:13:35.856Z [Modules] Streaming discord_utils@1 to /home/Eyjafja/.config/discord/0.0.28/modules/pending/discord_utils-1.zip: 38%
2023-07-26T13:13:35.868Z [Modules] Streaming discord_utils@1 to /home/Eyjafja/.config/discord/0.0.28/modules/pending/discord_utils-1.zip: 39%
2023-07-26T13:13:35.874Z [Modules] Streaming discord_utils@1 to /home/Eyjafja/.config/discord/0.0.28/modules/pending/discord_utils-1.zip: 40%
2023-07-26T13:13:35.876Z [Modules] Streaming discord_utils@1 to /home/Eyjafja/.config/discord/0.0.28/modules/pending/discord_utils-1.zip: 41%
2023-07-26T13:13:35.882Z [Modules] Streaming discord_utils@1 to /home/Eyjafja/.config/discord/0.0.28/modules/pending/discord_utils-1.zip: 42%
2023-07-26T13:13:35.890Z [Modules] Streaming discord_utils@1 to /home/Eyjafja/.config/discord/0.0.28/modules/pending/discord_utils-1.zip: 45%
2023-07-26T13:13:35.895Z [Modules] Streaming discord_utils@1 to /home/Eyjafja/.config/discord/0.0.28/modules/pending/discord_utils-1.zip: 46%
2023-07-26T13:13:35.901Z [Modules] Streaming discord_utils@1 to /home/Eyjafja/.config/discord/0.0.28/modules/pending/discord_utils-1.zip: 47%
2023-07-26T13:13:35.942Z [Modules] Streaming discord_utils@1 to /home/Eyjafja/.config/discord/0.0.28/modules/pending/discord_utils-1.zip: 48%
2023-07-26T13:13:35.972Z [Modules] Streaming discord_utils@1 to /home/Eyjafja/.config/discord/0.0.28/modules/pending/discord_utils-1.zip: 50%
2023-07-26T13:13:35.978Z [Modules] Streaming discord_utils@1 to /home/Eyjafja/.config/discord/0.0.28/modules/pending/discord_utils-1.zip: 51%
2023-07-26T13:13:35.990Z [Modules] Streaming discord_utils@1 to /home/Eyjafja/.config/discord/0.0.28/modules/pending/discord_utils-1.zip: 53%
2023-07-26T13:13:35.992Z [Modules] Streaming discord_utils@1 to /home/Eyjafja/.config/discord/0.0.28/modules/pending/discord_utils-1.zip: 55%
2023-07-26T13:13:35.995Z [Modules] Streaming discord_utils@1 to /home/Eyjafja/.config/discord/0.0.28/modules/pending/discord_utils-1.zip: 56%
2023-07-26T13:13:36.011Z [Modules] Streaming discord_utils@1 to /home/Eyjafja/.config/discord/0.0.28/modules/pending/discord_utils-1.zip: 57%
2023-07-26T13:13:36.015Z [Modules] Streaming discord_utils@1 to /home/Eyjafja/.config/discord/0.0.28/modules/pending/discord_utils-1.zip: 58%
2023-07-26T13:13:36.021Z [Modules] Streaming discord_utils@1 to /home/Eyjafja/.config/discord/0.0.28/modules/pending/discord_utils-1.zip: 59%
2023-07-26T13:13:36.040Z [Modules] Streaming discord_utils@1 to /home/Eyjafja/.config/discord/0.0.28/modules/pending/discord_utils-1.zip: 60%
2023-07-26T13:13:36.049Z [Modules] Streaming discord_utils@1 to /home/Eyjafja/.config/discord/0.0.28/modules/pending/discord_utils-1.zip: 62%
2023-07-26T13:13:36.059Z [Modules] Streaming discord_utils@1 to /home/Eyjafja/.config/discord/0.0.28/modules/pending/discord_utils-1.zip: 64%
2023-07-26T13:13:36.062Z [Modules] Streaming discord_utils@1 to /home/Eyjafja/.config/discord/0.0.28/modules/pending/discord_utils-1.zip: 65%
2023-07-26T13:13:36.065Z [Modules] Streaming discord_utils@1 to /home/Eyjafja/.config/discord/0.0.28/modules/pending/discord_utils-1.zip: 66%
2023-07-26T13:13:36.076Z [Modules] Streaming discord_utils@1 to /home/Eyjafja/.config/discord/0.0.28/modules/pending/discord_utils-1.zip: 68%
2023-07-26T13:13:36.093Z [Modules] Streaming discord_utils@1 to /home/Eyjafja/.config/discord/0.0.28/modules/pending/discord_utils-1.zip: 69%
2023-07-26T13:13:36.122Z [Modules] Streaming discord_utils@1 to /home/Eyjafja/.config/discord/0.0.28/modules/pending/discord_utils-1.zip: 70%
2023-07-26T13:13:36.293Z [Modules] Streaming discord_utils@1 to /home/Eyjafja/.config/discord/0.0.28/modules/pending/discord_utils-1.zip: 71%
2023-07-26T13:13:36.299Z [Modules] Streaming discord_utils@1 to /home/Eyjafja/.config/discord/0.0.28/modules/pending/discord_utils-1.zip: 72%
2023-07-26T13:13:36.305Z [Modules] Streaming discord_utils@1 to /home/Eyjafja/.config/discord/0.0.28/modules/pending/discord_utils-1.zip: 74%
2023-07-26T13:13:36.307Z [Modules] Streaming discord_utils@1 to /home/Eyjafja/.config/discord/0.0.28/modules/pending/discord_utils-1.zip: 75%
2023-07-26T13:13:36.312Z [Modules] Streaming discord_utils@1 to /home/Eyjafja/.config/discord/0.0.28/modules/pending/discord_utils-1.zip: 76%
2023-07-26T13:13:36.321Z [Modules] Streaming discord_utils@1 to /home/Eyjafja/.config/discord/0.0.28/modules/pending/discord_utils-1.zip: 77%
2023-07-26T13:13:36.332Z [Modules] Streaming discord_utils@1 to /home/Eyjafja/.config/discord/0.0.28/modules/pending/discord_utils-1.zip: 78%
2023-07-26T13:13:36.339Z [Modules] Streaming discord_utils@1 to /home/Eyjafja/.config/discord/0.0.28/modules/pending/discord_utils-1.zip: 81%
2023-07-26T13:13:36.365Z [Modules] Streaming discord_utils@1 to /home/Eyjafja/.config/discord/0.0.28/modules/pending/discord_utils-1.zip: 82%
2023-07-26T13:13:36.394Z [Modules] Streaming discord_utils@1 to /home/Eyjafja/.config/discord/0.0.28/modules/pending/discord_utils-1.zip: 83%
2023-07-26T13:13:36.464Z [Modules] Streaming discord_utils@1 to /home/Eyjafja/.config/discord/0.0.28/modules/pending/discord_utils-1.zip: 84%
2023-07-26T13:13:36.469Z [Modules] Streaming discord_utils@1 to /home/Eyjafja/.config/discord/0.0.28/modules/pending/discord_utils-1.zip: 85%
2023-07-26T13:13:36.476Z [Modules] Streaming discord_utils@1 to /home/Eyjafja/.config/discord/0.0.28/modules/pending/discord_utils-1.zip: 86%
2023-07-26T13:13:36.532Z [Modules] Streaming discord_utils@1 to /home/Eyjafja/.config/discord/0.0.28/modules/pending/discord_utils-1.zip: 87%
2023-07-26T13:13:36.541Z [Modules] Streaming discord_utils@1 to /home/Eyjafja/.config/discord/0.0.28/modules/pending/discord_utils-1.zip: 88%
2023-07-26T13:13:36.545Z [Modules] Streaming discord_utils@1 to /home/Eyjafja/.config/discord/0.0.28/modules/pending/discord_utils-1.zip: 89%
2023-07-26T13:13:36.555Z [Modules] Streaming discord_utils@1 to /home/Eyjafja/.config/discord/0.0.28/modules/pending/discord_utils-1.zip: 90%
2023-07-26T13:13:36.562Z [Modules] Streaming discord_utils@1 to /home/Eyjafja/.config/discord/0.0.28/modules/pending/discord_utils-1.zip: 91%
2023-07-26T13:13:36.563Z [Modules] Streaming discord_utils@1 to /home/Eyjafja/.config/discord/0.0.28/modules/pending/discord_utils-1.zip: 92%
2023-07-26T13:13:36.566Z [Modules] Streaming discord_utils@1 to /home/Eyjafja/.config/discord/0.0.28/modules/pending/discord_utils-1.zip: 93%
2023-07-26T13:13:36.600Z [Modules] Streaming discord_utils@1 to /home/Eyjafja/.config/discord/0.0.28/modules/pending/discord_utils-1.zip: 94%
2023-07-26T13:13:36.606Z [Modules] Streaming discord_utils@1 to /home/Eyjafja/.config/discord/0.0.28/modules/pending/discord_utils-1.zip: 95%
2023-07-26T13:13:36.611Z [Modules] Streaming discord_utils@1 to /home/Eyjafja/.config/discord/0.0.28/modules/pending/discord_utils-1.zip: 96%
2023-07-26T13:13:36.622Z [Modules] Streaming discord_utils@1 to /home/Eyjafja/.config/discord/0.0.28/modules/pending/discord_utils-1.zip: 97%
2023-07-26T13:13:36.628Z [Modules] Streaming discord_utils@1 to /home/Eyjafja/.config/discord/0.0.28/modules/pending/discord_utils-1.zip: 98%
2023-07-26T13:13:36.633Z [Modules] Streaming discord_utils@1 to /home/Eyjafja/.config/discord/0.0.28/modules/pending/discord_utils-1.zip: 99%
2023-07-26T13:13:36.638Z [Modules] Streaming discord_utils@1 to /home/Eyjafja/.config/discord/0.0.28/modules/pending/discord_utils-1.zip: 100%
2023-07-26T13:13:36.642Z [Modules] Fetching discord_voice@1 from https://discord.com/api/modules/stable/discord_voice/1
2023-07-26T13:13:36.642Z [Modules] Streaming discord_voice@1 to /home/Eyjafja/.config/discord/0.0.28/modules/pending/discord_voice-1.zip
2023-07-26T13:13:36.976Z [Modules] Streaming discord_voice@1 to /home/Eyjafja/.config/discord/0.0.28/modules/pending/discord_voice-1.zip: 1%
2023-07-26T13:13:37.044Z [Modules] Streaming discord_voice@1 to /home/Eyjafja/.config/discord/0.0.28/modules/pending/discord_voice-1.zip: 2%
2023-07-26T13:13:37.096Z [Modules] Streaming discord_voice@1 to /home/Eyjafja/.config/discord/0.0.28/modules/pending/discord_voice-1.zip: 3%
2023-07-26T13:13:37.141Z [Modules] Streaming discord_voice@1 to /home/Eyjafja/.config/discord/0.0.28/modules/pending/discord_voice-1.zip: 4%
2023-07-26T13:13:37.180Z [Modules] Streaming discord_voice@1 to /home/Eyjafja/.config/discord/0.0.28/modules/pending/discord_voice-1.zip: 5%
2023-07-26T13:13:37.248Z [Modules] Streaming discord_voice@1 to /home/Eyjafja/.config/discord/0.0.28/modules/pending/discord_voice-1.zip: 6%
2023-07-26T13:13:37.351Z [Modules] Streaming discord_voice@1 to /home/Eyjafja/.config/discord/0.0.28/modules/pending/discord_voice-1.zip: 7%
2023-07-26T13:13:37.399Z [Modules] Streaming discord_voice@1 to /home/Eyjafja/.config/discord/0.0.28/modules/pending/discord_voice-1.zip: 8%
2023-07-26T13:13:37.438Z [Modules] Streaming discord_voice@1 to /home/Eyjafja/.config/discord/0.0.28/modules/pending/discord_voice-1.zip: 9%
2023-07-26T13:13:37.495Z [Modules] Streaming discord_voice@1 to /home/Eyjafja/.config/discord/0.0.28/modules/pending/discord_voice-1.zip: 10%
2023-07-26T13:13:37.528Z [Modules] Streaming discord_voice@1 to /home/Eyjafja/.config/discord/0.0.28/modules/pending/discord_voice-1.zip: 11%
2023-07-26T13:13:37.571Z [Modules] Streaming discord_voice@1 to /home/Eyjafja/.config/discord/0.0.28/modules/pending/discord_voice-1.zip: 12%
2023-07-26T13:13:37.728Z [Modules] Streaming discord_voice@1 to /home/Eyjafja/.config/discord/0.0.28/modules/pending/discord_voice-1.zip: 13%
2023-07-26T13:13:37.778Z [Modules] Streaming discord_voice@1 to /home/Eyjafja/.config/discord/0.0.28/modules/pending/discord_voice-1.zip: 14%
2023-07-26T13:13:37.835Z [Modules] Streaming discord_voice@1 to /home/Eyjafja/.config/discord/0.0.28/modules/pending/discord_voice-1.zip: 15%
2023-07-26T13:13:37.945Z [Modules] Streaming discord_voice@1 to /home/Eyjafja/.config/discord/0.0.28/modules/pending/discord_voice-1.zip: 16%
2023-07-26T13:13:38.007Z [Modules] Streaming discord_voice@1 to /home/Eyjafja/.config/discord/0.0.28/modules/pending/discord_voice-1.zip: 17%
2023-07-26T13:13:38.061Z [Modules] Streaming discord_voice@1 to /home/Eyjafja/.config/discord/0.0.28/modules/pending/discord_voice-1.zip: 18%
2023-07-26T13:13:38.114Z [Modules] Streaming discord_voice@1 to /home/Eyjafja/.config/discord/0.0.28/modules/pending/discord_voice-1.zip: 19%
2023-07-26T13:13:38.178Z [Modules] Streaming discord_voice@1 to /home/Eyjafja/.config/discord/0.0.28/modules/pending/discord_voice-1.zip: 20%
2023-07-26T13:13:38.199Z [Modules] Streaming discord_voice@1 to /home/Eyjafja/.config/discord/0.0.28/modules/pending/discord_voice-1.zip: 21%
2023-07-26T13:13:38.274Z [Modules] Streaming discord_voice@1 to /home/Eyjafja/.config/discord/0.0.28/modules/pending/discord_voice-1.zip: 22%
2023-07-26T13:13:38.394Z [Modules] Streaming discord_voice@1 to /home/Eyjafja/.config/discord/0.0.28/modules/pending/discord_voice-1.zip: 23%
2023-07-26T13:13:38.433Z [Modules] Streaming discord_voice@1 to /home/Eyjafja/.config/discord/0.0.28/modules/pending/discord_voice-1.zip: 24%
2023-07-26T13:13:38.461Z [Modules] Streaming discord_voice@1 to /home/Eyjafja/.config/discord/0.0.28/modules/pending/discord_voice-1.zip: 25%
2023-07-26T13:13:38.578Z [Modules] Streaming discord_voice@1 to /home/Eyjafja/.config/discord/0.0.28/modules/pending/discord_voice-1.zip: 26%
2023-07-26T13:13:38.640Z [Modules] Streaming discord_voice@1 to /home/Eyjafja/.config/discord/0.0.28/modules/pending/discord_voice-1.zip: 27%
2023-07-26T13:13:38.677Z [Modules] Streaming discord_voice@1 to /home/Eyjafja/.config/discord/0.0.28/modules/pending/discord_voice-1.zip: 28%
2023-07-26T13:13:38.710Z [Modules] Streaming discord_voice@1 to /home/Eyjafja/.config/discord/0.0.28/modules/pending/discord_voice-1.zip: 29%
2023-07-26T13:13:38.783Z [Modules] Streaming discord_voice@1 to /home/Eyjafja/.config/discord/0.0.28/modules/pending/discord_voice-1.zip: 30%
2023-07-26T13:13:38.880Z [Modules] Streaming discord_voice@1 to /home/Eyjafja/.config/discord/0.0.28/modules/pending/discord_voice-1.zip: 31%
2023-07-26T13:13:38.950Z [Modules] Streaming discord_voice@1 to /home/Eyjafja/.config/discord/0.0.28/modules/pending/discord_voice-1.zip: 32%
2023-07-26T13:13:39.064Z [Modules] Streaming discord_voice@1 to /home/Eyjafja/.config/discord/0.0.28/modules/pending/discord_voice-1.zip: 33%
2023-07-26T13:13:39.096Z [Modules] Streaming discord_voice@1 to /home/Eyjafja/.config/discord/0.0.28/modules/pending/discord_voice-1.zip: 34%
2023-07-26T13:13:39.123Z [Modules] Streaming discord_voice@1 to /home/Eyjafja/.config/discord/0.0.28/modules/pending/discord_voice-1.zip: 35%
2023-07-26T13:13:39.216Z [Modules] Streaming discord_voice@1 to /home/Eyjafja/.config/discord/0.0.28/modules/pending/discord_voice-1.zip: 36%
2023-07-26T13:13:39.263Z [Modules] Streaming discord_voice@1 to /home/Eyjafja/.config/discord/0.0.28/modules/pending/discord_voice-1.zip: 37%
2023-07-26T13:13:39.362Z [Modules] Streaming discord_voice@1 to /home/Eyjafja/.config/discord/0.0.28/modules/pending/discord_voice-1.zip: 38%
2023-07-26T13:13:39.393Z [Modules] Streaming discord_voice@1 to /home/Eyjafja/.config/discord/0.0.28/modules/pending/discord_voice-1.zip: 39%
2023-07-26T13:13:39.431Z [Modules] Streaming discord_voice@1 to /home/Eyjafja/.config/discord/0.0.28/modules/pending/discord_voice-1.zip: 40%
2023-07-26T13:13:39.485Z [Modules] Streaming discord_voice@1 to /home/Eyjafja/.config/discord/0.0.28/modules/pending/discord_voice-1.zip: 41%
2023-07-26T13:13:39.584Z [Modules] Streaming discord_voice@1 to /home/Eyjafja/.config/discord/0.0.28/modules/pending/discord_voice-1.zip: 42%
2023-07-26T13:13:39.939Z [Modules] Streaming discord_voice@1 to /home/Eyjafja/.config/discord/0.0.28/modules/pending/discord_voice-1.zip: 43%
2023-07-26T13:13:39.998Z [Modules] Streaming discord_voice@1 to /home/Eyjafja/.config/discord/0.0.28/modules/pending/discord_voice-1.zip: 44%
2023-07-26T13:13:40.038Z [Modules] Streaming discord_voice@1 to /home/Eyjafja/.config/discord/0.0.28/modules/pending/discord_voice-1.zip: 45%
2023-07-26T13:13:40.089Z [Modules] Streaming discord_voice@1 to /home/Eyjafja/.config/discord/0.0.28/modules/pending/discord_voice-1.zip: 46%
2023-07-26T13:13:40.128Z [Modules] Streaming discord_voice@1 to /home/Eyjafja/.config/discord/0.0.28/modules/pending/discord_voice-1.zip: 47%
2023-07-26T13:13:40.180Z [Modules] Streaming discord_voice@1 to /home/Eyjafja/.config/discord/0.0.28/modules/pending/discord_voice-1.zip: 48%
2023-07-26T13:13:40.220Z [Modules] Streaming discord_voice@1 to /home/Eyjafja/.config/discord/0.0.28/modules/pending/discord_voice-1.zip: 49%
2023-07-26T13:13:40.318Z [Modules] Streaming discord_voice@1 to /home/Eyjafja/.config/discord/0.0.28/modules/pending/discord_voice-1.zip: 50%
2023-07-26T13:13:40.361Z [Modules] Streaming discord_voice@1 to /home/Eyjafja/.config/discord/0.0.28/modules/pending/discord_voice-1.zip: 51%
2023-07-26T13:13:40.415Z [Modules] Streaming discord_voice@1 to /home/Eyjafja/.config/discord/0.0.28/modules/pending/discord_voice-1.zip: 52%
2023-07-26T13:13:40.462Z [Modules] Streaming discord_voice@1 to /home/Eyjafja/.config/discord/0.0.28/modules/pending/discord_voice-1.zip: 53%
2023-07-26T13:13:40.527Z [Modules] Streaming discord_voice@1 to /home/Eyjafja/.config/discord/0.0.28/modules/pending/discord_voice-1.zip: 54%
2023-07-26T13:13:40.564Z [Modules] Streaming discord_voice@1 to /home/Eyjafja/.config/discord/0.0.28/modules/pending/discord_voice-1.zip: 55%
2023-07-26T13:13:40.625Z [Modules] Streaming discord_voice@1 to /home/Eyjafja/.config/discord/0.0.28/modules/pending/discord_voice-1.zip: 56%
2023-07-26T13:13:40.670Z [Modules] Streaming discord_voice@1 to /home/Eyjafja/.config/discord/0.0.28/modules/pending/discord_voice-1.zip: 57%
2023-07-26T13:13:40.727Z [Modules] Streaming discord_voice@1 to /home/Eyjafja/.config/discord/0.0.28/modules/pending/discord_voice-1.zip: 58%
2023-07-26T13:13:40.772Z [Modules] Streaming discord_voice@1 to /home/Eyjafja/.config/discord/0.0.28/modules/pending/discord_voice-1.zip: 59%
2023-07-26T13:13:40.847Z [Modules] Streaming discord_voice@1 to /home/Eyjafja/.config/discord/0.0.28/modules/pending/discord_voice-1.zip: 60%
2023-07-26T13:13:40.887Z [Modules] Streaming discord_voice@1 to /home/Eyjafja/.config/discord/0.0.28/modules/pending/discord_voice-1.zip: 61%
2023-07-26T13:13:40.928Z [Modules] Streaming discord_voice@1 to /home/Eyjafja/.config/discord/0.0.28/modules/pending/discord_voice-1.zip: 62%
2023-07-26T13:13:41.047Z [Modules] Streaming discord_voice@1 to /home/Eyjafja/.config/discord/0.0.28/modules/pending/discord_voice-1.zip: 63%
2023-07-26T13:13:41.224Z [Modules] Streaming discord_voice@1 to /home/Eyjafja/.config/discord/0.0.28/modules/pending/discord_voice-1.zip: 64%
2023-07-26T13:13:41.266Z [Modules] Streaming discord_voice@1 to /home/Eyjafja/.config/discord/0.0.28/modules/pending/discord_voice-1.zip: 65%
2023-07-26T13:13:41.417Z [Modules] Streaming discord_voice@1 to /home/Eyjafja/.config/discord/0.0.28/modules/pending/discord_voice-1.zip: 66%
2023-07-26T13:13:41.444Z [Modules] Streaming discord_voice@1 to /home/Eyjafja/.config/discord/0.0.28/modules/pending/discord_voice-1.zip: 67%
2023-07-26T13:13:41.604Z [Modules] Streaming discord_voice@1 to /home/Eyjafja/.config/discord/0.0.28/modules/pending/discord_voice-1.zip: 68%
2023-07-26T13:13:41.666Z [Modules] Streaming discord_voice@1 to /home/Eyjafja/.config/discord/0.0.28/modules/pending/discord_voice-1.zip: 69%
2023-07-26T13:13:41.736Z [Modules] Streaming discord_voice@1 to /home/Eyjafja/.config/discord/0.0.28/modules/pending/discord_voice-1.zip: 70%
2023-07-26T13:13:41.789Z [Modules] Streaming discord_voice@1 to /home/Eyjafja/.config/discord/0.0.28/modules/pending/discord_voice-1.zip: 71%
2023-07-26T13:13:41.843Z [Modules] Streaming discord_voice@1 to /home/Eyjafja/.config/discord/0.0.28/modules/pending/discord_voice-1.zip: 72%
2023-07-26T13:13:42.352Z [Modules] Streaming discord_voice@1 to /home/Eyjafja/.config/discord/0.0.28/modules/pending/discord_voice-1.zip: 73%
2023-07-26T13:13:42.358Z [Modules] Streaming discord_voice@1 to /home/Eyjafja/.config/discord/0.0.28/modules/pending/discord_voice-1.zip: 74%
2023-07-26T13:13:42.363Z [Modules] Streaming discord_voice@1 to /home/Eyjafja/.config/discord/0.0.28/modules/pending/discord_voice-1.zip: 75%
2023-07-26T13:13:42.365Z [Modules] Streaming discord_voice@1 to /home/Eyjafja/.config/discord/0.0.28/modules/pending/discord_voice-1.zip: 76%
2023-07-26T13:13:42.398Z [Modules] Streaming discord_voice@1 to /home/Eyjafja/.config/discord/0.0.28/modules/pending/discord_voice-1.zip: 77%
2023-07-26T13:13:42.476Z [Modules] Streaming discord_voice@1 to /home/Eyjafja/.config/discord/0.0.28/modules/pending/discord_voice-1.zip: 78%
2023-07-26T13:13:42.511Z [Modules] Streaming discord_voice@1 to /home/Eyjafja/.config/discord/0.0.28/modules/pending/discord_voice-1.zip: 79%
2023-07-26T13:13:42.664Z [Modules] Streaming discord_voice@1 to /home/Eyjafja/.config/discord/0.0.28/modules/pending/discord_voice-1.zip: 80%
2023-07-26T13:13:42.797Z [Modules] Streaming discord_voice@1 to /home/Eyjafja/.config/discord/0.0.28/modules/pending/discord_voice-1.zip: 81%
2023-07-26T13:13:42.920Z [Modules] Streaming discord_voice@1 to /home/Eyjafja/.config/discord/0.0.28/modules/pending/discord_voice-1.zip: 82%
2023-07-26T13:13:43.091Z [Modules] Streaming discord_voice@1 to /home/Eyjafja/.config/discord/0.0.28/modules/pending/discord_voice-1.zip: 83%
2023-07-26T13:13:43.163Z [Modules] Streaming discord_voice@1 to /home/Eyjafja/.config/discord/0.0.28/modules/pending/discord_voice-1.zip: 84%
2023-07-26T13:13:43.204Z [Modules] Streaming discord_voice@1 to /home/Eyjafja/.config/discord/0.0.28/modules/pending/discord_voice-1.zip: 85%
2023-07-26T13:13:43.301Z [Modules] Streaming discord_voice@1 to /home/Eyjafja/.config/discord/0.0.28/modules/pending/discord_voice-1.zip: 86%
2023-07-26T13:13:43.366Z [Modules] Streaming discord_voice@1 to /home/Eyjafja/.config/discord/0.0.28/modules/pending/discord_voice-1.zip: 87%
2023-07-26T13:13:43.431Z [Modules] Streaming discord_voice@1 to /home/Eyjafja/.config/discord/0.0.28/modules/pending/discord_voice-1.zip: 88%
2023-07-26T13:13:43.496Z [Modules] Streaming discord_voice@1 to /home/Eyjafja/.config/discord/0.0.28/modules/pending/discord_voice-1.zip: 89%
2023-07-26T13:13:43.582Z [Modules] Streaming discord_voice@1 to /home/Eyjafja/.config/discord/0.0.28/modules/pending/discord_voice-1.zip: 90%
2023-07-26T13:13:43.630Z [Modules] Streaming discord_voice@1 to /home/Eyjafja/.config/discord/0.0.28/modules/pending/discord_voice-1.zip: 91%
2023-07-26T13:13:43.688Z [Modules] Streaming discord_voice@1 to /home/Eyjafja/.config/discord/0.0.28/modules/pending/discord_voice-1.zip: 92%
2023-07-26T13:13:43.734Z [Modules] Streaming discord_voice@1 to /home/Eyjafja/.config/discord/0.0.28/modules/pending/discord_voice-1.zip: 93%
2023-07-26T13:13:43.879Z [Modules] Streaming discord_voice@1 to /home/Eyjafja/.config/discord/0.0.28/modules/pending/discord_voice-1.zip: 94%
2023-07-26T13:13:44.012Z [Modules] Streaming discord_voice@1 to /home/Eyjafja/.config/discord/0.0.28/modules/pending/discord_voice-1.zip: 95%
2023-07-26T13:13:44.105Z [Modules] Streaming discord_voice@1 to /home/Eyjafja/.config/discord/0.0.28/modules/pending/discord_voice-1.zip: 96%
2023-07-26T13:13:44.147Z [Modules] Streaming discord_voice@1 to /home/Eyjafja/.config/discord/0.0.28/modules/pending/discord_voice-1.zip: 97%
2023-07-26T13:13:44.253Z [Modules] Streaming discord_voice@1 to /home/Eyjafja/.config/discord/0.0.28/modules/pending/discord_voice-1.zip: 98%
2023-07-26T13:13:44.322Z [Modules] Streaming discord_voice@1 to /home/Eyjafja/.config/discord/0.0.28/modules/pending/discord_voice-1.zip: 99%
2023-07-26T13:13:44.375Z [Modules] Streaming discord_voice@1 to /home/Eyjafja/.config/discord/0.0.28/modules/pending/discord_voice-1.zip: 100%
2023-07-26T13:13:44.377Z [Modules] Finished module downloads. [success: 5] [failure: 0]
2023-07-26T13:13:44.378Z [Modules] Installing updates...
2023-07-26T13:13:44.379Z [Modules] Installing discord_desktop_core@1 from /home/Eyjafja/.config/discord/0.0.28/modules/pending/discord_desktop_core-1.zip
2023-07-26T13:13:44.688Z [Modules] Installing discord_erlpack@1 from /home/Eyjafja/.config/discord/0.0.28/modules/pending/discord_erlpack-1.zip
2023-07-26T13:13:44.942Z [Modules] Installing discord_spellcheck@1 from /home/Eyjafja/.config/discord/0.0.28/modules/pending/discord_spellcheck-1.zip
2023-07-26T13:13:47.642Z [Modules] Installing discord_utils@1 from /home/Eyjafja/.config/discord/0.0.28/modules/pending/discord_utils-1.zip
2023-07-26T13:13:49.182Z [Modules] Installing discord_voice@1 from /home/Eyjafja/.config/discord/0.0.28/modules/pending/discord_voice-1.zip
2023-07-26T13:13:51.915Z [Modules] Finished module installations. [success: 5] [failure: 0]
2023-07-26T13:13:51.916Z [Modules] Checking for host updates.
2023-07-26T13:13:52.109Z [Modules] Host is up to date.
2023-07-26T13:13:52.109Z [Modules] Checking for module updates at https://discord.com/api/modules/stable/versions.json
2023-07-26T13:13:52.120Z [Modules] No module updates available.
2023-07-26T13:13:58.217Z [Modules] Starting to install discord_krisp...
2023-07-26T13:13:58.218Z [Modules] Fetching discord_krisp@1 from https://discord.com/api/modules/stable/discord_krisp/1
2023-07-26T13:13:58.219Z [Modules] Streaming discord_krisp@1 to /home/Eyjafja/.config/discord/0.0.28/modules/pending/discord_krisp-1.zip
2023-07-26T13:13:58.280Z [Modules] Starting to install discord_game_utils...
2023-07-26T13:13:58.831Z [Modules] Streaming discord_krisp@1 to /home/Eyjafja/.config/discord/0.0.28/modules/pending/discord_krisp-1.zip: 1%
2023-07-26T13:13:58.891Z [Modules] Streaming discord_krisp@1 to /home/Eyjafja/.config/discord/0.0.28/modules/pending/discord_krisp-1.zip: 2%
2023-07-26T13:13:59.037Z [Modules] Streaming discord_krisp@1 to /home/Eyjafja/.config/discord/0.0.28/modules/pending/discord_krisp-1.zip: 3%
2023-07-26T13:13:59.215Z [Modules] Streaming discord_krisp@1 to /home/Eyjafja/.config/discord/0.0.28/modules/pending/discord_krisp-1.zip: 4%
2023-07-26T13:13:59.409Z [Modules] Streaming discord_krisp@1 to /home/Eyjafja/.config/discord/0.0.28/modules/pending/discord_krisp-1.zip: 5%
2023-07-26T13:13:59.536Z [Modules] Streaming discord_krisp@1 to /home/Eyjafja/.config/discord/0.0.28/modules/pending/discord_krisp-1.zip: 6%
2023-07-26T13:13:59.632Z [Modules] Streaming discord_krisp@1 to /home/Eyjafja/.config/discord/0.0.28/modules/pending/discord_krisp-1.zip: 7%
2023-07-26T13:14:00.073Z [Modules] Streaming discord_krisp@1 to /home/Eyjafja/.config/discord/0.0.28/modules/pending/discord_krisp-1.zip: 8%
2023-07-26T13:14:00.076Z [Modules] Streaming discord_krisp@1 to /home/Eyjafja/.config/discord/0.0.28/modules/pending/discord_krisp-1.zip: 9%
2023-07-26T13:14:00.108Z [Modules] Streaming discord_krisp@1 to /home/Eyjafja/.config/discord/0.0.28/modules/pending/discord_krisp-1.zip: 10%
2023-07-26T13:14:00.131Z [Modules] Streaming discord_krisp@1 to /home/Eyjafja/.config/discord/0.0.28/modules/pending/discord_krisp-1.zip: 11%
2023-07-26T13:14:00.178Z [Modules] Streaming discord_krisp@1 to /home/Eyjafja/.config/discord/0.0.28/modules/pending/discord_krisp-1.zip: 12%
2023-07-26T13:14:00.192Z [Modules] Streaming discord_krisp@1 to /home/Eyjafja/.config/discord/0.0.28/modules/pending/discord_krisp-1.zip: 13%
2023-07-26T13:14:00.260Z [Modules] Streaming discord_krisp@1 to /home/Eyjafja/.config/discord/0.0.28/modules/pending/discord_krisp-1.zip: 14%
2023-07-26T13:14:00.367Z [Modules] Streaming discord_krisp@1 to /home/Eyjafja/.config/discord/0.0.28/modules/pending/discord_krisp-1.zip: 15%
2023-07-26T13:14:00.447Z [Modules] Streaming discord_krisp@1 to /home/Eyjafja/.config/discord/0.0.28/modules/pending/discord_krisp-1.zip: 16%
2023-07-26T13:14:00.535Z [Modules] Streaming discord_krisp@1 to /home/Eyjafja/.config/discord/0.0.28/modules/pending/discord_krisp-1.zip: 17%
2023-07-26T13:14:00.614Z [Modules] Streaming discord_krisp@1 to /home/Eyjafja/.config/discord/0.0.28/modules/pending/discord_krisp-1.zip: 18%
2023-07-26T13:14:00.681Z [Modules] Streaming discord_krisp@1 to /home/Eyjafja/.config/discord/0.0.28/modules/pending/discord_krisp-1.zip: 19%
2023-07-26T13:14:00.744Z [Modules] Streaming discord_krisp@1 to /home/Eyjafja/.config/discord/0.0.28/modules/pending/discord_krisp-1.zip: 20%
2023-07-26T13:14:00.793Z [Modules] Streaming discord_krisp@1 to /home/Eyjafja/.config/discord/0.0.28/modules/pending/discord_krisp-1.zip: 21%
2023-07-26T13:14:00.827Z [Modules] Streaming discord_krisp@1 to /home/Eyjafja/.config/discord/0.0.28/modules/pending/discord_krisp-1.zip: 22%
2023-07-26T13:14:00.895Z [Modules] Streaming discord_krisp@1 to /home/Eyjafja/.config/discord/0.0.28/modules/pending/discord_krisp-1.zip: 23%
2023-07-26T13:14:00.941Z [Modules] Streaming discord_krisp@1 to /home/Eyjafja/.config/discord/0.0.28/modules/pending/discord_krisp-1.zip: 24%
2023-07-26T13:14:00.999Z [Modules] Streaming discord_krisp@1 to /home/Eyjafja/.config/discord/0.0.28/modules/pending/discord_krisp-1.zip: 25%
2023-07-26T13:14:01.061Z [Modules] Streaming discord_krisp@1 to /home/Eyjafja/.config/discord/0.0.28/modules/pending/discord_krisp-1.zip: 26%
2023-07-26T13:14:01.117Z [Modules] Streaming discord_krisp@1 to /home/Eyjafja/.config/discord/0.0.28/modules/pending/discord_krisp-1.zip: 27%
2023-07-26T13:14:01.163Z [Modules] Streaming discord_krisp@1 to /home/Eyjafja/.config/discord/0.0.28/modules/pending/discord_krisp-1.zip: 28%
2023-07-26T13:14:01.236Z [Modules] Streaming discord_krisp@1 to /home/Eyjafja/.config/discord/0.0.28/modules/pending/discord_krisp-1.zip: 29%
2023-07-26T13:14:01.305Z [Modules] Streaming discord_krisp@1 to /home/Eyjafja/.config/discord/0.0.28/modules/pending/discord_krisp-1.zip: 30%
2023-07-26T13:14:01.354Z [Modules] Streaming discord_krisp@1 to /home/Eyjafja/.config/discord/0.0.28/modules/pending/discord_krisp-1.zip: 31%
2023-07-26T13:14:01.395Z [Modules] Streaming discord_krisp@1 to /home/Eyjafja/.config/discord/0.0.28/modules/pending/discord_krisp-1.zip: 32%
2023-07-26T13:14:01.500Z [Modules] Streaming discord_krisp@1 to /home/Eyjafja/.config/discord/0.0.28/modules/pending/discord_krisp-1.zip: 33%
2023-07-26T13:14:01.557Z [Modules] Streaming discord_krisp@1 to /home/Eyjafja/.config/discord/0.0.28/modules/pending/discord_krisp-1.zip: 34%
2023-07-26T13:14:01.604Z [Modules] Streaming discord_krisp@1 to /home/Eyjafja/.config/discord/0.0.28/modules/pending/discord_krisp-1.zip: 35%
2023-07-26T13:14:01.656Z [Modules] Streaming discord_krisp@1 to /home/Eyjafja/.config/discord/0.0.28/modules/pending/discord_krisp-1.zip: 36%
2023-07-26T13:14:01.694Z [Modules] Streaming discord_krisp@1 to /home/Eyjafja/.config/discord/0.0.28/modules/pending/discord_krisp-1.zip: 37%
2023-07-26T13:14:01.745Z [Modules] Streaming discord_krisp@1 to /home/Eyjafja/.config/discord/0.0.28/modules/pending/discord_krisp-1.zip: 38%
2023-07-26T13:14:01.793Z [Modules] Streaming discord_krisp@1 to /home/Eyjafja/.config/discord/0.0.28/modules/pending/discord_krisp-1.zip: 39%
2023-07-26T13:14:01.843Z [Modules] Streaming discord_krisp@1 to /home/Eyjafja/.config/discord/0.0.28/modules/pending/discord_krisp-1.zip: 40%
2023-07-26T13:14:01.892Z [Modules] Streaming discord_krisp@1 to /home/Eyjafja/.config/discord/0.0.28/modules/pending/discord_krisp-1.zip: 41%
2023-07-26T13:14:01.931Z [Modules] Streaming discord_krisp@1 to /home/Eyjafja/.config/discord/0.0.28/modules/pending/discord_krisp-1.zip: 42%
2023-07-26T13:14:01.975Z [Modules] Streaming discord_krisp@1 to /home/Eyjafja/.config/discord/0.0.28/modules/pending/discord_krisp-1.zip: 43%
2023-07-26T13:14:02.039Z [Modules] Streaming discord_krisp@1 to /home/Eyjafja/.config/discord/0.0.28/modules/pending/discord_krisp-1.zip: 44%
2023-07-26T13:14:02.081Z [Modules] Streaming discord_krisp@1 to /home/Eyjafja/.config/discord/0.0.28/modules/pending/discord_krisp-1.zip: 45%
2023-07-26T13:14:02.108Z [Modules] Streaming discord_krisp@1 to /home/Eyjafja/.config/discord/0.0.28/modules/pending/discord_krisp-1.zip: 46%
2023-07-26T13:14:02.162Z [Modules] Streaming discord_krisp@1 to /home/Eyjafja/.config/discord/0.0.28/modules/pending/discord_krisp-1.zip: 47%
2023-07-26T13:14:02.215Z [Modules] Streaming discord_krisp@1 to /home/Eyjafja/.config/discord/0.0.28/modules/pending/discord_krisp-1.zip: 48%
2023-07-26T13:14:02.237Z [Modules] Streaming discord_krisp@1 to /home/Eyjafja/.config/discord/0.0.28/modules/pending/discord_krisp-1.zip: 49%
2023-07-26T13:14:02.303Z [Modules] Checking for host updates.
2023-07-26T13:14:02.327Z [Modules] Streaming discord_krisp@1 to /home/Eyjafja/.config/discord/0.0.28/modules/pending/discord_krisp-1.zip: 50%
2023-07-26T13:14:02.412Z [Modules] Streaming discord_krisp@1 to /home/Eyjafja/.config/discord/0.0.28/modules/pending/discord_krisp-1.zip: 51%
2023-07-26T13:14:02.486Z [Modules] Streaming discord_krisp@1 to /home/Eyjafja/.config/discord/0.0.28/modules/pending/discord_krisp-1.zip: 52%
2023-07-26T13:14:02.520Z [Modules] Host is up to date.
2023-07-26T13:14:02.521Z [Modules] Checking for module updates at https://discord.com/api/modules/stable/versions.json
2023-07-26T13:14:02.536Z [Modules] No module updates available.
2023-07-26T13:14:02.555Z [Modules] Streaming discord_krisp@1 to /home/Eyjafja/.config/discord/0.0.28/modules/pending/discord_krisp-1.zip: 53%
2023-07-26T13:14:02.617Z [Modules] Streaming discord_krisp@1 to /home/Eyjafja/.config/discord/0.0.28/modules/pending/discord_krisp-1.zip: 54%
2023-07-26T13:14:02.668Z [Modules] Streaming discord_krisp@1 to /home/Eyjafja/.config/discord/0.0.28/modules/pending/discord_krisp-1.zip: 55%
2023-07-26T13:14:02.737Z [Modules] Streaming discord_krisp@1 to /home/Eyjafja/.config/discord/0.0.28/modules/pending/discord_krisp-1.zip: 56%
2023-07-26T13:14:02.779Z [Modules] Streaming discord_krisp@1 to /home/Eyjafja/.config/discord/0.0.28/modules/pending/discord_krisp-1.zip: 57%
2023-07-26T13:14:02.851Z [Modules] Streaming discord_krisp@1 to /home/Eyjafja/.config/discord/0.0.28/modules/pending/discord_krisp-1.zip: 58%
2023-07-26T13:14:02.916Z [Modules] Streaming discord_krisp@1 to /home/Eyjafja/.config/discord/0.0.28/modules/pending/discord_krisp-1.zip: 59%
2023-07-26T13:14:02.946Z [Modules] Streaming discord_krisp@1 to /home/Eyjafja/.config/discord/0.0.28/modules/pending/discord_krisp-1.zip: 60%
2023-07-26T13:14:02.993Z [Modules] Streaming discord_krisp@1 to /home/Eyjafja/.config/discord/0.0.28/modules/pending/discord_krisp-1.zip: 61%
2023-07-26T13:14:03.042Z [Modules] Streaming discord_krisp@1 to /home/Eyjafja/.config/discord/0.0.28/modules/pending/discord_krisp-1.zip: 62%
2023-07-26T13:14:03.088Z [Modules] Streaming discord_krisp@1 to /home/Eyjafja/.config/discord/0.0.28/modules/pending/discord_krisp-1.zip: 63%
2023-07-26T13:14:03.129Z [Modules] Streaming discord_krisp@1 to /home/Eyjafja/.config/discord/0.0.28/modules/pending/discord_krisp-1.zip: 64%
2023-07-26T13:14:03.182Z [Modules] Streaming discord_krisp@1 to /home/Eyjafja/.config/discord/0.0.28/modules/pending/discord_krisp-1.zip: 65%
2023-07-26T13:14:03.286Z [Modules] Streaming discord_krisp@1 to /home/Eyjafja/.config/discord/0.0.28/modules/pending/discord_krisp-1.zip: 66%
2023-07-26T13:14:03.325Z [Modules] Streaming discord_krisp@1 to /home/Eyjafja/.config/discord/0.0.28/modules/pending/discord_krisp-1.zip: 67%
2023-07-26T13:14:03.361Z [Modules] Streaming discord_krisp@1 to /home/Eyjafja/.config/discord/0.0.28/modules/pending/discord_krisp-1.zip: 68%
2023-07-26T13:14:03.372Z [Modules] Starting to install discord_rpc...
2023-07-26T13:14:03.407Z [Modules] Streaming discord_krisp@1 to /home/Eyjafja/.config/discord/0.0.28/modules/pending/discord_krisp-1.zip: 69%
2023-07-26T13:14:03.448Z [Modules] Streaming discord_krisp@1 to /home/Eyjafja/.config/discord/0.0.28/modules/pending/discord_krisp-1.zip: 70%
2023-07-26T13:14:03.631Z [Modules] Streaming discord_krisp@1 to /home/Eyjafja/.config/discord/0.0.28/modules/pending/discord_krisp-1.zip: 71%
2023-07-26T13:14:03.653Z [Modules] Streaming discord_krisp@1 to /home/Eyjafja/.config/discord/0.0.28/modules/pending/discord_krisp-1.zip: 72%
2023-07-26T13:14:03.730Z [Modules] Streaming discord_krisp@1 to /home/Eyjafja/.config/discord/0.0.28/modules/pending/discord_krisp-1.zip: 73%
2023-07-26T13:14:03.773Z [Modules] Streaming discord_krisp@1 to /home/Eyjafja/.config/discord/0.0.28/modules/pending/discord_krisp-1.zip: 74%
2023-07-26T13:14:03.816Z [Modules] Streaming discord_krisp@1 to /home/Eyjafja/.config/discord/0.0.28/modules/pending/discord_krisp-1.zip: 75%
2023-07-26T13:14:03.864Z [Modules] Streaming discord_krisp@1 to /home/Eyjafja/.config/discord/0.0.28/modules/pending/discord_krisp-1.zip: 76%
2023-07-26T13:14:04.058Z [Modules] Streaming discord_krisp@1 to /home/Eyjafja/.config/discord/0.0.28/modules/pending/discord_krisp-1.zip: 77%
2023-07-26T13:14:04.145Z [Modules] Streaming discord_krisp@1 to /home/Eyjafja/.config/discord/0.0.28/modules/pending/discord_krisp-1.zip: 78%
2023-07-26T13:14:04.195Z [Modules] Streaming discord_krisp@1 to /home/Eyjafja/.config/discord/0.0.28/modules/pending/discord_krisp-1.zip: 79%
2023-07-26T13:14:04.237Z [Modules] Streaming discord_krisp@1 to /home/Eyjafja/.config/discord/0.0.28/modules/pending/discord_krisp-1.zip: 80%
2023-07-26T13:14:04.298Z [Modules] Streaming discord_krisp@1 to /home/Eyjafja/.config/discord/0.0.28/modules/pending/discord_krisp-1.zip: 81%
2023-07-26T13:14:04.384Z [Modules] Streaming discord_krisp@1 to /home/Eyjafja/.config/discord/0.0.28/modules/pending/discord_krisp-1.zip: 82%
2023-07-26T13:14:04.440Z [Modules] Streaming discord_krisp@1 to /home/Eyjafja/.config/discord/0.0.28/modules/pending/discord_krisp-1.zip: 83%
2023-07-26T13:14:04.549Z [Modules] Streaming discord_krisp@1 to /home/Eyjafja/.config/discord/0.0.28/modules/pending/discord_krisp-1.zip: 84%
2023-07-26T13:14:04.584Z [Modules] Streaming discord_krisp@1 to /home/Eyjafja/.config/discord/0.0.28/modules/pending/discord_krisp-1.zip: 85%
2023-07-26T13:14:04.610Z [Modules] Streaming discord_krisp@1 to /home/Eyjafja/.config/discord/0.0.28/modules/pending/discord_krisp-1.zip: 86%
2023-07-26T13:14:04.701Z [Modules] Streaming discord_krisp@1 to /home/Eyjafja/.config/discord/0.0.28/modules/pending/discord_krisp-1.zip: 87%
2023-07-26T13:14:04.749Z [Modules] Streaming discord_krisp@1 to /home/Eyjafja/.config/discord/0.0.28/modules/pending/discord_krisp-1.zip: 88%
2023-07-26T13:14:04.850Z [Modules] Streaming discord_krisp@1 to /home/Eyjafja/.config/discord/0.0.28/modules/pending/discord_krisp-1.zip: 89%
2023-07-26T13:14:04.955Z [Modules] Streaming discord_krisp@1 to /home/Eyjafja/.config/discord/0.0.28/modules/pending/discord_krisp-1.zip: 90%
2023-07-26T13:14:05.078Z [Modules] Streaming discord_krisp@1 to /home/Eyjafja/.config/discord/0.0.28/modules/pending/discord_krisp-1.zip: 91%
2023-07-26T13:14:05.204Z [Modules] Streaming discord_krisp@1 to /home/Eyjafja/.config/discord/0.0.28/modules/pending/discord_krisp-1.zip: 92%
2023-07-26T13:14:05.240Z [Modules] Streaming discord_krisp@1 to /home/Eyjafja/.config/discord/0.0.28/modules/pending/discord_krisp-1.zip: 93%
2023-07-26T13:14:05.269Z [Modules] Streaming discord_krisp@1 to /home/Eyjafja/.config/discord/0.0.28/modules/pending/discord_krisp-1.zip: 94%
2023-07-26T13:14:05.340Z [Modules] Streaming discord_krisp@1 to /home/Eyjafja/.config/discord/0.0.28/modules/pending/discord_krisp-1.zip: 95%
2023-07-26T13:14:05.402Z [Modules] Streaming discord_krisp@1 to /home/Eyjafja/.config/discord/0.0.28/modules/pending/discord_krisp-1.zip: 96%
2023-07-26T13:14:05.442Z [Modules] Streaming discord_krisp@1 to /home/Eyjafja/.config/discord/0.0.28/modules/pending/discord_krisp-1.zip: 97%
2023-07-26T13:14:05.489Z [Modules] Streaming discord_krisp@1 to /home/Eyjafja/.config/discord/0.0.28/modules/pending/discord_krisp-1.zip: 98%
2023-07-26T13:14:05.569Z [Modules] Streaming discord_krisp@1 to /home/Eyjafja/.config/discord/0.0.28/modules/pending/discord_krisp-1.zip: 99%
2023-07-26T13:14:05.624Z [Modules] Streaming discord_krisp@1 to /home/Eyjafja/.config/discord/0.0.28/modules/pending/discord_krisp-1.zip: 100%
2023-07-26T13:14:05.629Z [Modules] Fetching discord_game_utils@1 from https://discord.com/api/modules/stable/discord_game_utils/1
2023-07-26T13:14:05.630Z [Modules] Streaming discord_game_utils@1 to /home/Eyjafja/.config/discord/0.0.28/modules/pending/discord_game_utils-1.zip
2023-07-26T13:14:05.630Z [Modules] Installing discord_krisp@1 from /home/Eyjafja/.config/discord/0.0.28/modules/pending/discord_krisp-1.zip
2023-07-26T13:14:05.905Z [Modules] Streaming discord_game_utils@1 to /home/Eyjafja/.config/discord/0.0.28/modules/pending/discord_game_utils-1.zip: 1%
2023-07-26T13:14:05.914Z [Modules] Streaming discord_game_utils@1 to /home/Eyjafja/.config/discord/0.0.28/modules/pending/discord_game_utils-1.zip: 2%
2023-07-26T13:14:05.918Z [Modules] Streaming discord_game_utils@1 to /home/Eyjafja/.config/discord/0.0.28/modules/pending/discord_game_utils-1.zip: 3%
2023-07-26T13:14:05.925Z [Modules] Streaming discord_game_utils@1 to /home/Eyjafja/.config/discord/0.0.28/modules/pending/discord_game_utils-1.zip: 4%
2023-07-26T13:14:05.928Z [Modules] Streaming discord_game_utils@1 to /home/Eyjafja/.config/discord/0.0.28/modules/pending/discord_game_utils-1.zip: 5%
2023-07-26T13:14:05.936Z [Modules] Streaming discord_game_utils@1 to /home/Eyjafja/.config/discord/0.0.28/modules/pending/discord_game_utils-1.zip: 6%
2023-07-26T13:14:05.939Z [Modules] Streaming discord_game_utils@1 to /home/Eyjafja/.config/discord/0.0.28/modules/pending/discord_game_utils-1.zip: 7%
2023-07-26T13:14:05.948Z [Modules] Streaming discord_game_utils@1 to /home/Eyjafja/.config/discord/0.0.28/modules/pending/discord_game_utils-1.zip: 8%
2023-07-26T13:14:05.951Z [Modules] Streaming discord_game_utils@1 to /home/Eyjafja/.config/discord/0.0.28/modules/pending/discord_game_utils-1.zip: 9%
2023-07-26T13:14:05.972Z [Modules] Streaming discord_game_utils@1 to /home/Eyjafja/.config/discord/0.0.28/modules/pending/discord_game_utils-1.zip: 10%
2023-07-26T13:14:05.975Z [Modules] Streaming discord_game_utils@1 to /home/Eyjafja/.config/discord/0.0.28/modules/pending/discord_game_utils-1.zip: 11%
2023-07-26T13:14:05.982Z [Modules] Streaming discord_game_utils@1 to /home/Eyjafja/.config/discord/0.0.28/modules/pending/discord_game_utils-1.zip: 13%
2023-07-26T13:14:05.990Z [Modules] Streaming discord_game_utils@1 to /home/Eyjafja/.config/discord/0.0.28/modules/pending/discord_game_utils-1.zip: 14%
2023-07-26T13:14:05.991Z [Modules] Streaming discord_game_utils@1 to /home/Eyjafja/.config/discord/0.0.28/modules/pending/discord_game_utils-1.zip: 15%
2023-07-26T13:14:05.995Z [Modules] Streaming discord_game_utils@1 to /home/Eyjafja/.config/discord/0.0.28/modules/pending/discord_game_utils-1.zip: 16%
2023-07-26T13:14:05.998Z [Modules] Streaming discord_game_utils@1 to /home/Eyjafja/.config/discord/0.0.28/modules/pending/discord_game_utils-1.zip: 17%
2023-07-26T13:14:06.001Z [Modules] Streaming discord_game_utils@1 to /home/Eyjafja/.config/discord/0.0.28/modules/pending/discord_game_utils-1.zip: 18%
2023-07-26T13:14:06.005Z [Modules] Streaming discord_game_utils@1 to /home/Eyjafja/.config/discord/0.0.28/modules/pending/discord_game_utils-1.zip: 19%
2023-07-26T13:14:06.021Z [Modules] Streaming discord_game_utils@1 to /home/Eyjafja/.config/discord/0.0.28/modules/pending/discord_game_utils-1.zip: 20%
2023-07-26T13:14:06.025Z [Modules] Streaming discord_game_utils@1 to /home/Eyjafja/.config/discord/0.0.28/modules/pending/discord_game_utils-1.zip: 21%
2023-07-26T13:14:06.028Z [Modules] Streaming discord_game_utils@1 to /home/Eyjafja/.config/discord/0.0.28/modules/pending/discord_game_utils-1.zip: 22%
2023-07-26T13:14:06.032Z [Modules] Streaming discord_game_utils@1 to /home/Eyjafja/.config/discord/0.0.28/modules/pending/discord_game_utils-1.zip: 23%
2023-07-26T13:14:06.035Z [Modules] Streaming discord_game_utils@1 to /home/Eyjafja/.config/discord/0.0.28/modules/pending/discord_game_utils-1.zip: 24%
2023-07-26T13:14:06.041Z [Modules] Streaming discord_game_utils@1 to /home/Eyjafja/.config/discord/0.0.28/modules/pending/discord_game_utils-1.zip: 25%
2023-07-26T13:14:06.069Z [Modules] Streaming discord_game_utils@1 to /home/Eyjafja/.config/discord/0.0.28/modules/pending/discord_game_utils-1.zip: 26%
2023-07-26T13:14:06.077Z [Modules] Streaming discord_game_utils@1 to /home/Eyjafja/.config/discord/0.0.28/modules/pending/discord_game_utils-1.zip: 27%
2023-07-26T13:14:06.081Z [Modules] Streaming discord_game_utils@1 to /home/Eyjafja/.config/discord/0.0.28/modules/pending/discord_game_utils-1.zip: 28%
2023-07-26T13:14:06.082Z [Modules] Streaming discord_game_utils@1 to /home/Eyjafja/.config/discord/0.0.28/modules/pending/discord_game_utils-1.zip: 29%
2023-07-26T13:14:06.086Z [Modules] Streaming discord_game_utils@1 to /home/Eyjafja/.config/discord/0.0.28/modules/pending/discord_game_utils-1.zip: 30%
2023-07-26T13:14:06.089Z [Modules] Streaming discord_game_utils@1 to /home/Eyjafja/.config/discord/0.0.28/modules/pending/discord_game_utils-1.zip: 31%
2023-07-26T13:14:06.091Z [Modules] Streaming discord_game_utils@1 to /home/Eyjafja/.config/discord/0.0.28/modules/pending/discord_game_utils-1.zip: 32%
2023-07-26T13:14:06.099Z [Modules] Streaming discord_game_utils@1 to /home/Eyjafja/.config/discord/0.0.28/modules/pending/discord_game_utils-1.zip: 34%
2023-07-26T13:14:06.105Z [Modules] Streaming discord_game_utils@1 to /home/Eyjafja/.config/discord/0.0.28/modules/pending/discord_game_utils-1.zip: 35%
2023-07-26T13:14:06.107Z [Modules] Streaming discord_game_utils@1 to /home/Eyjafja/.config/discord/0.0.28/modules/pending/discord_game_utils-1.zip: 36%
2023-07-26T13:14:06.112Z [Modules] Streaming discord_game_utils@1 to /home/Eyjafja/.config/discord/0.0.28/modules/pending/discord_game_utils-1.zip: 37%
2023-07-26T13:14:06.117Z [Modules] Streaming discord_game_utils@1 to /home/Eyjafja/.config/discord/0.0.28/modules/pending/discord_game_utils-1.zip: 38%
2023-07-26T13:14:06.167Z [Modules] Streaming discord_game_utils@1 to /home/Eyjafja/.config/discord/0.0.28/modules/pending/discord_game_utils-1.zip: 39%
2023-07-26T13:14:06.169Z [Modules] Streaming discord_game_utils@1 to /home/Eyjafja/.config/discord/0.0.28/modules/pending/discord_game_utils-1.zip: 40%
2023-07-26T13:14:06.177Z [Modules] Streaming discord_game_utils@1 to /home/Eyjafja/.config/discord/0.0.28/modules/pending/discord_game_utils-1.zip: 41%
2023-07-26T13:14:06.251Z [Modules] Streaming discord_game_utils@1 to /home/Eyjafja/.config/discord/0.0.28/modules/pending/discord_game_utils-1.zip: 42%
2023-07-26T13:14:06.323Z [Modules] Streaming discord_game_utils@1 to /home/Eyjafja/.config/discord/0.0.28/modules/pending/discord_game_utils-1.zip: 43%
2023-07-26T13:14:06.333Z [Modules] Streaming discord_game_utils@1 to /home/Eyjafja/.config/discord/0.0.28/modules/pending/discord_game_utils-1.zip: 44%
2023-07-26T13:14:06.355Z [Modules] Streaming discord_game_utils@1 to /home/Eyjafja/.config/discord/0.0.28/modules/pending/discord_game_utils-1.zip: 45%
2023-07-26T13:14:06.360Z [Modules] Streaming discord_game_utils@1 to /home/Eyjafja/.config/discord/0.0.28/modules/pending/discord_game_utils-1.zip: 46%
2023-07-26T13:14:06.366Z [Modules] Streaming discord_game_utils@1 to /home/Eyjafja/.config/discord/0.0.28/modules/pending/discord_game_utils-1.zip: 47%
2023-07-26T13:14:06.370Z [Modules] Streaming discord_game_utils@1 to /home/Eyjafja/.config/discord/0.0.28/modules/pending/discord_game_utils-1.zip: 48%
2023-07-26T13:14:06.375Z [Modules] Streaming discord_game_utils@1 to /home/Eyjafja/.config/discord/0.0.28/modules/pending/discord_game_utils-1.zip: 49%
2023-07-26T13:14:06.378Z [Modules] Streaming discord_game_utils@1 to /home/Eyjafja/.config/discord/0.0.28/modules/pending/discord_game_utils-1.zip: 50%
2023-07-26T13:14:06.385Z [Modules] Streaming discord_game_utils@1 to /home/Eyjafja/.config/discord/0.0.28/modules/pending/discord_game_utils-1.zip: 51%
2023-07-26T13:14:06.388Z [Modules] Streaming discord_game_utils@1 to /home/Eyjafja/.config/discord/0.0.28/modules/pending/discord_game_utils-1.zip: 52%
2023-07-26T13:14:06.397Z [Modules] Streaming discord_game_utils@1 to /home/Eyjafja/.config/discord/0.0.28/modules/pending/discord_game_utils-1.zip: 53%
2023-07-26T13:14:06.400Z [Modules] Streaming discord_game_utils@1 to /home/Eyjafja/.config/discord/0.0.28/modules/pending/discord_game_utils-1.zip: 54%
2023-07-26T13:14:06.409Z [Modules] Streaming discord_game_utils@1 to /home/Eyjafja/.config/discord/0.0.28/modules/pending/discord_game_utils-1.zip: 55%
2023-07-26T13:14:06.412Z [Modules] Streaming discord_game_utils@1 to /home/Eyjafja/.config/discord/0.0.28/modules/pending/discord_game_utils-1.zip: 56%
2023-07-26T13:14:06.424Z [Modules] Streaming discord_game_utils@1 to /home/Eyjafja/.config/discord/0.0.28/modules/pending/discord_game_utils-1.zip: 57%
2023-07-26T13:14:06.426Z [Modules] Streaming discord_game_utils@1 to /home/Eyjafja/.config/discord/0.0.28/modules/pending/discord_game_utils-1.zip: 58%
2023-07-26T13:14:06.432Z [Modules] Streaming discord_game_utils@1 to /home/Eyjafja/.config/discord/0.0.28/modules/pending/discord_game_utils-1.zip: 59%
2023-07-26T13:14:06.435Z [Modules] Streaming discord_game_utils@1 to /home/Eyjafja/.config/discord/0.0.28/modules/pending/discord_game_utils-1.zip: 60%
2023-07-26T13:14:06.441Z [Modules] Streaming discord_game_utils@1 to /home/Eyjafja/.config/discord/0.0.28/modules/pending/discord_game_utils-1.zip: 61%
2023-07-26T13:14:06.449Z [Modules] Streaming discord_game_utils@1 to /home/Eyjafja/.config/discord/0.0.28/modules/pending/discord_game_utils-1.zip: 62%
2023-07-26T13:14:06.460Z [Modules] Streaming discord_game_utils@1 to /home/Eyjafja/.config/discord/0.0.28/modules/pending/discord_game_utils-1.zip: 64%
2023-07-26T13:14:06.461Z [Modules] Streaming discord_game_utils@1 to /home/Eyjafja/.config/discord/0.0.28/modules/pending/discord_game_utils-1.zip: 65%
2023-07-26T13:14:06.463Z [Modules] Streaming discord_game_utils@1 to /home/Eyjafja/.config/discord/0.0.28/modules/pending/discord_game_utils-1.zip: 66%
2023-07-26T13:14:06.469Z [Modules] Streaming discord_game_utils@1 to /home/Eyjafja/.config/discord/0.0.28/modules/pending/discord_game_utils-1.zip: 67%
2023-07-26T13:14:06.473Z [Modules] Streaming discord_game_utils@1 to /home/Eyjafja/.config/discord/0.0.28/modules/pending/discord_game_utils-1.zip: 68%
2023-07-26T13:14:06.478Z [Modules] Streaming discord_game_utils@1 to /home/Eyjafja/.config/discord/0.0.28/modules/pending/discord_game_utils-1.zip: 69%
2023-07-26T13:14:06.484Z [Modules] Streaming discord_game_utils@1 to /home/Eyjafja/.config/discord/0.0.28/modules/pending/discord_game_utils-1.zip: 70%
2023-07-26T13:14:06.489Z [Modules] Streaming discord_game_utils@1 to /home/Eyjafja/.config/discord/0.0.28/modules/pending/discord_game_utils-1.zip: 71%
2023-07-26T13:14:06.492Z [Modules] Streaming discord_game_utils@1 to /home/Eyjafja/.config/discord/0.0.28/modules/pending/discord_game_utils-1.zip: 72%
2023-07-26T13:14:06.550Z [Modules] Streaming discord_game_utils@1 to /home/Eyjafja/.config/discord/0.0.28/modules/pending/discord_game_utils-1.zip: 73%
2023-07-26T13:14:06.554Z [Modules] Streaming discord_game_utils@1 to /home/Eyjafja/.config/discord/0.0.28/modules/pending/discord_game_utils-1.zip: 74%
2023-07-26T13:14:06.558Z [Modules] Streaming discord_game_utils@1 to /home/Eyjafja/.config/discord/0.0.28/modules/pending/discord_game_utils-1.zip: 75%
2023-07-26T13:14:06.562Z [Modules] Streaming discord_game_utils@1 to /home/Eyjafja/.config/discord/0.0.28/modules/pending/discord_game_utils-1.zip: 76%
2023-07-26T13:14:06.578Z [Modules] Streaming discord_game_utils@1 to /home/Eyjafja/.config/discord/0.0.28/modules/pending/discord_game_utils-1.zip: 77%
2023-07-26T13:14:06.584Z [Modules] Streaming discord_game_utils@1 to /home/Eyjafja/.config/discord/0.0.28/modules/pending/discord_game_utils-1.zip: 78%
2023-07-26T13:14:06.605Z [Modules] Streaming discord_game_utils@1 to /home/Eyjafja/.config/discord/0.0.28/modules/pending/discord_game_utils-1.zip: 79%
2023-07-26T13:14:06.620Z [Modules] Streaming discord_game_utils@1 to /home/Eyjafja/.config/discord/0.0.28/modules/pending/discord_game_utils-1.zip: 80%
2023-07-26T13:14:06.630Z [Modules] Streaming discord_game_utils@1 to /home/Eyjafja/.config/discord/0.0.28/modules/pending/discord_game_utils-1.zip: 81%
2023-07-26T13:14:06.633Z [Modules] Streaming discord_game_utils@1 to /home/Eyjafja/.config/discord/0.0.28/modules/pending/discord_game_utils-1.zip: 82%
2023-07-26T13:14:06.638Z [Modules] Streaming discord_game_utils@1 to /home/Eyjafja/.config/discord/0.0.28/modules/pending/discord_game_utils-1.zip: 83%
2023-07-26T13:14:06.641Z [Modules] Streaming discord_game_utils@1 to /home/Eyjafja/.config/discord/0.0.28/modules/pending/discord_game_utils-1.zip: 84%
2023-07-26T13:14:06.647Z [Modules] Streaming discord_game_utils@1 to /home/Eyjafja/.config/discord/0.0.28/modules/pending/discord_game_utils-1.zip: 85%
2023-07-26T13:14:06.649Z [Modules] Streaming discord_game_utils@1 to /home/Eyjafja/.config/discord/0.0.28/modules/pending/discord_game_utils-1.zip: 86%
2023-07-26T13:14:06.655Z [Modules] Streaming discord_game_utils@1 to /home/Eyjafja/.config/discord/0.0.28/modules/pending/discord_game_utils-1.zip: 87%
2023-07-26T13:14:06.658Z [Modules] Streaming discord_game_utils@1 to /home/Eyjafja/.config/discord/0.0.28/modules/pending/discord_game_utils-1.zip: 88%
2023-07-26T13:14:06.667Z [Modules] Streaming discord_game_utils@1 to /home/Eyjafja/.config/discord/0.0.28/modules/pending/discord_game_utils-1.zip: 89%
2023-07-26T13:14:06.670Z [Modules] Streaming discord_game_utils@1 to /home/Eyjafja/.config/discord/0.0.28/modules/pending/discord_game_utils-1.zip: 90%
2023-07-26T13:14:06.677Z [Modules] Streaming discord_game_utils@1 to /home/Eyjafja/.config/discord/0.0.28/modules/pending/discord_game_utils-1.zip: 91%
2023-07-26T13:14:06.695Z [Modules] Streaming discord_game_utils@1 to /home/Eyjafja/.config/discord/0.0.28/modules/pending/discord_game_utils-1.zip: 92%
2023-07-26T13:14:06.710Z [Modules] Streaming discord_game_utils@1 to /home/Eyjafja/.config/discord/0.0.28/modules/pending/discord_game_utils-1.zip: 93%
2023-07-26T13:14:06.713Z [Modules] Streaming discord_game_utils@1 to /home/Eyjafja/.config/discord/0.0.28/modules/pending/discord_game_utils-1.zip: 94%
2023-07-26T13:14:06.746Z [Modules] Streaming discord_game_utils@1 to /home/Eyjafja/.config/discord/0.0.28/modules/pending/discord_game_utils-1.zip: 95%
2023-07-26T13:14:06.748Z [Modules] Streaming discord_game_utils@1 to /home/Eyjafja/.config/discord/0.0.28/modules/pending/discord_game_utils-1.zip: 96%
2023-07-26T13:14:06.755Z [Modules] Streaming discord_game_utils@1 to /home/Eyjafja/.config/discord/0.0.28/modules/pending/discord_game_utils-1.zip: 97%
2023-07-26T13:14:06.758Z [Modules] Streaming discord_game_utils@1 to /home/Eyjafja/.config/discord/0.0.28/modules/pending/discord_game_utils-1.zip: 98%
2023-07-26T13:14:06.764Z [Modules] Streaming discord_game_utils@1 to /home/Eyjafja/.config/discord/0.0.28/modules/pending/discord_game_utils-1.zip: 99%
2023-07-26T13:14:06.766Z [Modules] Streaming discord_game_utils@1 to /home/Eyjafja/.config/discord/0.0.28/modules/pending/discord_game_utils-1.zip: 100%
2023-07-26T13:14:06.768Z [Modules] Fetching discord_rpc@1 from https://discord.com/api/modules/stable/discord_rpc/1
2023-07-26T13:14:06.768Z [Modules] Streaming discord_rpc@1 to /home/Eyjafja/.config/discord/0.0.28/modules/pending/discord_rpc-1.zip
2023-07-26T13:14:07.075Z [Modules] Streaming discord_rpc@1 to /home/Eyjafja/.config/discord/0.0.28/modules/pending/discord_rpc-1.zip: 39%
2023-07-26T13:14:07.077Z [Modules] Streaming discord_rpc@1 to /home/Eyjafja/.config/discord/0.0.28/modules/pending/discord_rpc-1.zip: 76%
2023-07-26T13:14:07.084Z [Modules] Streaming discord_rpc@1 to /home/Eyjafja/.config/discord/0.0.28/modules/pending/discord_rpc-1.zip: 100%
2023-07-26T13:14:07.087Z [Modules] Finished module downloads. [success: 3] [failure: 0]
2023-07-26T13:14:07.194Z [Modules] Installing discord_game_utils@1 from /home/Eyjafja/.config/discord/0.0.28/modules/pending/discord_game_utils-1.zip
2023-07-26T13:14:07.406Z [Modules] Installing discord_rpc@1 from /home/Eyjafja/.config/discord/0.0.28/modules/pending/discord_rpc-1.zip
2023-07-26T13:14:07.472Z [Modules] Finished module installations. [success: 3] [failure: 0]
2023-07-27T17:04:27.803Z [Modules] Modules initializing
2023-07-27T17:04:27.804Z [Modules] Distribution: remote
2023-07-27T17:04:27.804Z [Modules] Host updates: enabled
2023-07-27T17:04:27.805Z [Modules] Module updates: enabled
2023-07-27T17:04:27.806Z [Modules] Module install path: /home/Eyjafja/.config/discord/0.0.28/modules
2023-07-27T17:04:27.806Z [Modules] Module installed file path: /home/Eyjafja/.config/discord/0.0.28/modules/installed.json
2023-07-27T17:04:27.806Z [Modules] Module download path: /home/Eyjafja/.config/discord/0.0.28/modules/pending
2023-07-27T17:04:29.202Z [Modules] No updates to install
2023-07-27T17:04:29.204Z [Modules] Checking for host updates.
2023-07-27T17:04:29.768Z [Modules] Host is up to date.
2023-07-27T17:04:29.769Z [Modules] Checking for module updates at https://discord.com/api/modules/stable/versions.json
2023-07-27T17:04:29.856Z [Modules] No module updates available.
2023-07-27T17:04:48.199Z [Modules] Checking for host updates.
2023-07-27T17:04:48.382Z [Modules] Host is up to date.
2023-07-27T17:04:48.383Z [Modules] Checking for module updates at https://discord.com/api/modules/stable/versions.json
2023-07-27T17:04:48.578Z [Modules] No module updates available.
2023-07-27T18:04:48.202Z [Modules] Checking for host updates.
2023-07-27T18:04:48.425Z [Modules] Host is up to date.
2023-07-27T18:04:48.425Z [Modules] Checking for module updates at https://discord.com/api/modules/stable/versions.json
2023-07-27T18:04:48.645Z [Modules] No module updates available.
2023-07-27T19:04:48.203Z [Modules] Checking for host updates.
2023-07-27T19:04:48.406Z [Modules] Host is up to date.
2023-07-27T19:04:48.407Z [Modules] Checking for module updates at https://discord.com/api/modules/stable/versions.json
2023-07-27T19:04:48.598Z [Modules] No module updates available.
